[1.408s] DEBUG:colcon:Command line arguments: ['/usr/bin/colcon', 'build']
[1.408s] DEBUG:colcon:Parsed command line arguments: Namespace(allow_overriding=[], ament_cmake_args=None, base_paths=['.'], build_base='build', catkin_cmake_args=None, catkin_skip_building_tests=False, cmake_args=None, cmake_clean_cache=False, cmake_clean_first=False, cmake_force_configure=False, cmake_target=None, cmake_target_skip_unavailable=False, continue_on_error=False, event_handlers=None, executor='parallel', ignore_user_meta=False, install_base='install', log_base=None, log_level=None, main=<bound method BuildVerb.main of <colcon_core.verb.build.BuildVerb object at 0x7f81d9aea310>>, merge_install=False, metas=['./colcon.meta'], packages_above=None, packages_above_and_dependencies=None, packages_above_depth=None, packages_end=None, packages_ignore=None, packages_ignore_regex=None, packages_select=None, packages_select_build_failed=False, packages_select_by_dep=None, packages_select_regex=None, packages_select_test_failures=False, packages_skip=None, packages_skip_build_finished=False, packages_skip_by_dep=None, packages_skip_regex=None, packages_skip_test_passed=False, packages_skip_up_to=None, packages_start=None, packages_up_to=None, packages_up_to_regex=None, parallel_workers=16, paths=None, symlink_install=False, test_result_base=None, verb_extension=<colcon_core.verb.build.BuildVerb object at 0x7f81d9aea310>, verb_name='build', verb_parser=<colcon_defaults.argument_parser.defaults.DefaultArgumentsDecorator object at 0x7f81d96a94f0>)
[1.462s] Level 1:colcon.colcon_core.package_discovery:discover_packages(colcon_meta) check parameters
[1.462s] Level 1:colcon.colcon_core.package_discovery:discover_packages(recursive) check parameters
[1.462s] Level 1:colcon.colcon_core.package_discovery:discover_packages(ignore) check parameters
[1.462s] Level 1:colcon.colcon_core.package_discovery:discover_packages(path) check parameters
[1.462s] Level 1:colcon.colcon_core.package_discovery:discover_packages(colcon_meta) discover
[1.462s] Level 1:colcon.colcon_core.package_discovery:discover_packages(recursive) discover
[1.462s] INFO:colcon.colcon_core.package_discovery:Crawling recursively for packages in '/home/olel/Projects/MagangBayu24-ROS2/tugas2'
[1.462s] Level 1:colcon.colcon_core.package_identification:_identify(.) by extensions ['ignore', 'ignore_ament_install']
[1.462s] Level 1:colcon.colcon_core.package_identification:_identify(.) by extension 'ignore'
[1.462s] Level 1:colcon.colcon_core.package_identification:_identify(.) by extension 'ignore_ament_install'
[1.462s] Level 1:colcon.colcon_core.package_identification:_identify(.) by extensions ['colcon_pkg']
[1.462s] Level 1:colcon.colcon_core.package_identification:_identify(.) by extension 'colcon_pkg'
[1.463s] Level 1:colcon.colcon_core.package_identification:_identify(.) by extensions ['colcon_meta']
[1.463s] Level 1:colcon.colcon_core.package_identification:_identify(.) by extension 'colcon_meta'
[1.463s] Level 1:colcon.colcon_core.package_identification:_identify(.) by extensions ['ros']
[1.463s] Level 1:colcon.colcon_core.package_identification:_identify(.) by extension 'ros'
[1.469s] Level 1:colcon.colcon_core.package_identification:_identify(.) by extensions ['cmake', 'python']
[1.469s] Level 1:colcon.colcon_core.package_identification:_identify(.) by extension 'cmake'
[1.469s] Level 1:colcon.colcon_core.package_identification:_identify(.) by extension 'python'
[1.469s] Level 1:colcon.colcon_core.package_identification:_identify(.) by extensions ['python_setup_py']
[1.469s] Level 1:colcon.colcon_core.package_identification:_identify(.) by extension 'python_setup_py'
[1.470s] Level 1:colcon.colcon_core.package_identification:_identify(build) by extensions ['ignore', 'ignore_ament_install']
[1.470s] Level 1:colcon.colcon_core.package_identification:_identify(build) by extension 'ignore'
[1.470s] Level 1:colcon.colcon_core.package_identification:_identify(build) ignored
[1.470s] Level 1:colcon.colcon_core.package_identification:_identify(install) by extensions ['ignore', 'ignore_ament_install']
[1.470s] Level 1:colcon.colcon_core.package_identification:_identify(install) by extension 'ignore'
[1.470s] Level 1:colcon.colcon_core.package_identification:_identify(install) ignored
[1.470s] Level 1:colcon.colcon_core.package_identification:_identify(log) by extensions ['ignore', 'ignore_ament_install']
[1.470s] Level 1:colcon.colcon_core.package_identification:_identify(log) by extension 'ignore'
[1.470s] Level 1:colcon.colcon_core.package_identification:_identify(log) ignored
[1.470s] Level 1:colcon.colcon_core.package_identification:_identify(src) by extensions ['ignore', 'ignore_ament_install']
[1.470s] Level 1:colcon.colcon_core.package_identification:_identify(src) by extension 'ignore'
[1.470s] Level 1:colcon.colcon_core.package_identification:_identify(src) by extension 'ignore_ament_install'
[1.470s] Level 1:colcon.colcon_core.package_identification:_identify(src) by extensions ['colcon_pkg']
[1.470s] Level 1:colcon.colcon_core.package_identification:_identify(src) by extension 'colcon_pkg'
[1.470s] Level 1:colcon.colcon_core.package_identification:_identify(src) by extensions ['colcon_meta']
[1.470s] Level 1:colcon.colcon_core.package_identification:_identify(src) by extension 'colcon_meta'
[1.470s] Level 1:colcon.colcon_core.package_identification:_identify(src) by extensions ['ros']
[1.470s] Level 1:colcon.colcon_core.package_identification:_identify(src) by extension 'ros'
[1.470s] Level 1:colcon.colcon_core.package_identification:_identify(src) by extensions ['cmake', 'python']
[1.470s] Level 1:colcon.colcon_core.package_identification:_identify(src) by extension 'cmake'
[1.470s] Level 1:colcon.colcon_core.package_identification:_identify(src) by extension 'python'
[1.470s] Level 1:colcon.colcon_core.package_identification:_identify(src) by extensions ['python_setup_py']
[1.470s] Level 1:colcon.colcon_core.package_identification:_identify(src) by extension 'python_setup_py'
[1.470s] Level 1:colcon.colcon_core.package_identification:_identify(src/and_publisher) by extensions ['ignore', 'ignore_ament_install']
[1.471s] Level 1:colcon.colcon_core.package_identification:_identify(src/and_publisher) by extension 'ignore'
[1.471s] Level 1:colcon.colcon_core.package_identification:_identify(src/and_publisher) by extension 'ignore_ament_install'
[1.471s] Level 1:colcon.colcon_core.package_identification:_identify(src/and_publisher) by extensions ['colcon_pkg']
[1.471s] Level 1:colcon.colcon_core.package_identification:_identify(src/and_publisher) by extension 'colcon_pkg'
[1.471s] Level 1:colcon.colcon_core.package_identification:_identify(src/and_publisher) by extensions ['colcon_meta']
[1.471s] Level 1:colcon.colcon_core.package_identification:_identify(src/and_publisher) by extension 'colcon_meta'
[1.471s] Level 1:colcon.colcon_core.package_identification:_identify(src/and_publisher) by extensions ['ros']
[1.471s] Level 1:colcon.colcon_core.package_identification:_identify(src/and_publisher) by extension 'ros'
[1.472s] DEBUG:colcon.colcon_core.package_identification:Package 'src/and_publisher' with type 'ros.ament_cmake' and name 'and_publisher'
[1.472s] Level 1:colcon.colcon_core.package_discovery:discover_packages(recursive) using defaults
[1.472s] Level 1:colcon.colcon_core.package_discovery:discover_packages(ignore) discover
[1.472s] Level 1:colcon.colcon_core.package_discovery:discover_packages(ignore) using defaults
[1.472s] Level 1:colcon.colcon_core.package_discovery:discover_packages(path) discover
[1.472s] Level 1:colcon.colcon_core.package_discovery:discover_packages(path) using defaults
[1.603s] Level 1:colcon.colcon_core.package_discovery:discover_packages(prefix_path) check parameters
[1.603s] Level 1:colcon.colcon_core.package_discovery:discover_packages(prefix_path) discover
[1.647s] DEBUG:colcon.colcon_installed_package_information.package_discovery:Found 256 installed packages in /opt/ros/foxy
[1.648s] Level 1:colcon.colcon_core.package_discovery:discover_packages(prefix_path) using defaults
[1.736s] Level 5:colcon.colcon_core.verb:set package 'and_publisher' build argument 'cmake_args' from command line to 'None'
[1.736s] Level 5:colcon.colcon_core.verb:set package 'and_publisher' build argument 'cmake_target' from command line to 'None'
[1.736s] Level 5:colcon.colcon_core.verb:set package 'and_publisher' build argument 'cmake_target_skip_unavailable' from command line to 'False'
[1.736s] Level 5:colcon.colcon_core.verb:set package 'and_publisher' build argument 'cmake_clean_cache' from command line to 'False'
[1.736s] Level 5:colcon.colcon_core.verb:set package 'and_publisher' build argument 'cmake_clean_first' from command line to 'False'
[1.736s] Level 5:colcon.colcon_core.verb:set package 'and_publisher' build argument 'cmake_force_configure' from command line to 'False'
[1.736s] Level 5:colcon.colcon_core.verb:set package 'and_publisher' build argument 'ament_cmake_args' from command line to 'None'
[1.736s] Level 5:colcon.colcon_core.verb:set package 'and_publisher' build argument 'catkin_cmake_args' from command line to 'None'
[1.736s] Level 5:colcon.colcon_core.verb:set package 'and_publisher' build argument 'catkin_skip_building_tests' from command line to 'False'
[1.737s] DEBUG:colcon.colcon_core.verb:Building package 'and_publisher' with the following arguments: {'ament_cmake_args': None, 'build_base': '/home/olel/Projects/MagangBayu24-ROS2/tugas2/build/and_publisher', 'catkin_cmake_args': None, 'catkin_skip_building_tests': False, 'cmake_args': None, 'cmake_clean_cache': False, 'cmake_clean_first': False, 'cmake_force_configure': False, 'cmake_target': None, 'cmake_target_skip_unavailable': False, 'install_base': '/home/olel/Projects/MagangBayu24-ROS2/tugas2/install/and_publisher', 'merge_install': False, 'path': '/home/olel/Projects/MagangBayu24-ROS2/tugas2/src/and_publisher', 'symlink_install': False, 'test_result_base': None}
[1.757s] INFO:colcon.colcon_core.executor:Executing jobs using 'parallel' executor
[1.779s] DEBUG:colcon.colcon_parallel_executor.executor.parallel:run_until_complete
[1.779s] INFO:colcon.colcon_ros.task.ament_cmake.build:Building ROS package in '/home/olel/Projects/MagangBayu24-ROS2/tugas2/src/and_publisher' with build type 'ament_cmake'
[1.779s] INFO:colcon.colcon_cmake.task.cmake.build:Building CMake package in '/home/olel/Projects/MagangBayu24-ROS2/tugas2/src/and_publisher'
[1.806s] INFO:colcon.colcon_core.plugin_system:Skipping extension 'colcon_core.shell.bat': Not used on non-Windows systems
[1.806s] INFO:colcon.colcon_core.shell:Skip shell extension 'powershell' for command environment: Not usable outside of PowerShell
[1.806s] DEBUG:colcon.colcon_core.shell:Skip shell extension 'dsv' for command environment
[1.877s] DEBUG:colcon.colcon_core.event_handler.log_command:Invoking command in '/home/olel/Projects/MagangBayu24-ROS2/tugas2/build/and_publisher': CMAKE_PREFIX_PATH=/opt/ros/foxy /usr/bin/cmake --build /home/olel/Projects/MagangBayu24-ROS2/tugas2/build/and_publisher -- -j16 -l16
[3.857s] DEBUG:colcon.colcon_core.event_handler.log_command:Invoked command in '/home/olel/Projects/MagangBayu24-ROS2/tugas2/build/and_publisher' returned '2': CMAKE_PREFIX_PATH=/opt/ros/foxy /usr/bin/cmake --build /home/olel/Projects/MagangBayu24-ROS2/tugas2/build/and_publisher -- -j16 -l16
[3.908s] Level 1:colcon.colcon_core.environment:create_environment_scripts_only(and_publisher)
[3.933s] Level 1:colcon.colcon_core.environment:checking '/home/olel/Projects/MagangBayu24-ROS2/tugas2/install/and_publisher' for CMake module files
[3.933s] Level 1:colcon.colcon_core.environment:checking '/home/olel/Projects/MagangBayu24-ROS2/tugas2/install/and_publisher' for CMake config files
[3.933s] Level 1:colcon.colcon_core.shell:create_environment_hook('and_publisher', 'cmake_prefix_path')
[3.956s] INFO:colcon.colcon_core.shell:Creating environment hook '/home/olel/Projects/MagangBayu24-ROS2/tugas2/install/and_publisher/share/and_publisher/hook/cmake_prefix_path.ps1'
[3.957s] INFO:colcon.colcon_core.shell:Creating environment descriptor '/home/olel/Projects/MagangBayu24-ROS2/tugas2/install/and_publisher/share/and_publisher/hook/cmake_prefix_path.dsv'
[3.957s] INFO:colcon.colcon_core.shell:Creating environment hook '/home/olel/Projects/MagangBayu24-ROS2/tugas2/install/and_publisher/share/and_publisher/hook/cmake_prefix_path.sh'
[3.958s] Level 1:colcon.colcon_core.environment:checking '/home/olel/Projects/MagangBayu24-ROS2/tugas2/install/and_publisher/lib'
[3.958s] Level 1:colcon.colcon_core.environment:checking '/home/olel/Projects/MagangBayu24-ROS2/tugas2/install/and_publisher/bin'
[3.958s] Level 1:colcon.colcon_core.environment:checking '/home/olel/Projects/MagangBayu24-ROS2/tugas2/install/and_publisher/lib/pkgconfig/and_publisher.pc'
[3.958s] Level 1:colcon.colcon_core.environment:checking '/home/olel/Projects/MagangBayu24-ROS2/tugas2/install/and_publisher/lib/python3.8/site-packages'
[3.959s] Level 1:colcon.colcon_core.environment:checking '/home/olel/Projects/MagangBayu24-ROS2/tugas2/install/and_publisher/bin'
[3.984s] INFO:colcon.colcon_core.shell:Creating package script '/home/olel/Projects/MagangBayu24-ROS2/tugas2/install/and_publisher/share/and_publisher/package.ps1'
[3.984s] INFO:colcon.colcon_core.shell:Creating package descriptor '/home/olel/Projects/MagangBayu24-ROS2/tugas2/install/and_publisher/share/and_publisher/package.dsv'
[3.985s] INFO:colcon.colcon_core.shell:Creating package script '/home/olel/Projects/MagangBayu24-ROS2/tugas2/install/and_publisher/share/and_publisher/package.sh'
[3.985s] INFO:colcon.colcon_core.shell:Creating package script '/home/olel/Projects/MagangBayu24-ROS2/tugas2/install/and_publisher/share/and_publisher/package.bash'
[3.986s] INFO:colcon.colcon_core.shell:Creating package script '/home/olel/Projects/MagangBayu24-ROS2/tugas2/install/and_publisher/share/and_publisher/package.zsh'
[3.986s] Level 1:colcon.colcon_core.environment:create_file_with_runtime_dependencies(/home/olel/Projects/MagangBayu24-ROS2/tugas2/install/and_publisher/share/colcon-core/packages/and_publisher)
[3.996s] DEBUG:colcon.colcon_parallel_executor.executor.parallel:closing loop
[3.997s] DEBUG:colcon.colcon_parallel_executor.executor.parallel:loop closed
[3.997s] DEBUG:colcon.colcon_parallel_executor.executor.parallel:run_until_complete finished with '2'
[3.997s] DEBUG:colcon.colcon_core.event_reactor:joining thread
[4.030s] INFO:colcon.colcon_core.plugin_system:Skipping extension 'colcon_notification.desktop_notification.terminal_notifier': Not used on non-Darwin systems
[4.030s] INFO:colcon.colcon_core.plugin_system:Skipping extension 'colcon_notification.desktop_notification.win32': Not used on non-Windows systems
[4.031s] INFO:colcon.colcon_notification.desktop_notification:Sending desktop notification using 'notify2'
[4.047s] DEBUG:colcon.colcon_core.event_reactor:joined thread
[4.074s] INFO:colcon.colcon_core.shell:Creating prefix script '/home/olel/Projects/MagangBayu24-ROS2/tugas2/install/local_setup.ps1'
[4.076s] INFO:colcon.colcon_core.shell:Creating prefix util module '/home/olel/Projects/MagangBayu24-ROS2/tugas2/install/_local_setup_util_ps1.py'
[4.077s] INFO:colcon.colcon_core.shell:Creating prefix chain script '/home/olel/Projects/MagangBayu24-ROS2/tugas2/install/setup.ps1'
[4.102s] INFO:colcon.colcon_core.shell:Creating prefix script '/home/olel/Projects/MagangBayu24-ROS2/tugas2/install/local_setup.sh'
[4.103s] INFO:colcon.colcon_core.shell:Creating prefix util module '/home/olel/Projects/MagangBayu24-ROS2/tugas2/install/_local_setup_util_sh.py'
[4.103s] INFO:colcon.colcon_core.shell:Creating prefix chain script '/home/olel/Projects/MagangBayu24-ROS2/tugas2/install/setup.sh'
[4.129s] INFO:colcon.colcon_core.shell:Creating prefix script '/home/olel/Projects/MagangBayu24-ROS2/tugas2/install/local_setup.bash'
[4.130s] INFO:colcon.colcon_core.shell:Creating prefix chain script '/home/olel/Projects/MagangBayu24-ROS2/tugas2/install/setup.bash'
[4.155s] INFO:colcon.colcon_core.shell:Creating prefix script '/home/olel/Projects/MagangBayu24-ROS2/tugas2/install/local_setup.zsh'
[4.155s] INFO:colcon.colcon_core.shell:Creating prefix chain script '/home/olel/Projects/MagangBayu24-ROS2/tugas2/install/setup.zsh'
