[0.092s] Invoking command in '/home/olel/Projects/MagangBayu24-ROS2/tugas2/build/and_publisher': CMAKE_PREFIX_PATH=/opt/ros/foxy /usr/bin/cmake --build /home/olel/Projects/MagangBayu24-ROS2/tugas2/build/and_publisher -- -j16 -l16
[0.141s] [35m[1mScanning dependencies of target listener[0m
[0.162s] [ 50%] Built target talker2
[0.162s] [ 50%] [32mBuilding CXX object CMakeFiles/listener.dir/src/subscriber_main.cpp.o[0m
[0.166s] [ 83%] Built target talker1
[1.166s] [01m[K/home/olel/Projects/MagangBayu24-ROS2/tugas2/src/and_publisher/src/subscriber_main.cpp:[m[K In member function ‘[01m[Kvoid MinimalSubscriber::topic_callback(std_msgs::msg::String_<std::allocator<void> >::SharedPtr) const[m[K’:
[1.166s] [01m[K/home/olel/Projects/MagangBayu24-ROS2/tugas2/src/and_publisher/src/subscriber_main.cpp:38:38:[m[K [01;31m[Kerror: [m[K‘[01m[Kusing _data_type = class std::__cxx11::basic_string<char>[m[K’ {aka ‘[01m[Kclass std::__cxx11::basic_string<char>[m[K’} has no member named ‘[01m[Kto_str[m[K’; did you mean ‘[01m[Kc_str[m[K’?
[1.166s]    38 |     std::string received = msg->data.[01;31m[Kto_str[m[K();
[1.166s]       |                                      [01;31m[K^~~~~~[m[K
[1.166s]       |                                      [32m[Kc_str[m[K
[1.166s] [01m[K/home/olel/Projects/MagangBayu24-ROS2/tugas2/src/and_publisher/src/subscriber_main.cpp:39:37:[m[K [01;31m[Kerror: [m[Kpassing ‘[01m[Kconst string[m[K’ {aka ‘[01m[Kconst std::__cxx11::basic_string<char>[m[K’} as ‘[01m[Kthis[m[K’ argument discards qualifiers [[01;31m[K-fpermissive[m[K]
[1.166s]    39 |     if(received[10] == '1') {pub1 = [01;31m[Kreceived[m[K;}
[1.166s]       |                                     [01;31m[K^~~~~~~~[m[K
[1.166s] In file included from [01m[K/usr/include/c++/9/string:55[m[K,
[1.166s]                  from [01m[K/usr/include/c++/9/stdexcept:39[m[K,
[1.167s]                  from [01m[K/usr/include/c++/9/array:39[m[K,
[1.167s]                  from [01m[K/usr/include/c++/9/tuple:39[m[K,
[1.167s]                  from [01m[K/usr/include/c++/9/bits/unique_ptr.h:37[m[K,
[1.167s]                  from [01m[K/usr/include/c++/9/memory:80[m[K,
[1.167s]                  from [01m[K/home/olel/Projects/MagangBayu24-ROS2/tugas2/src/and_publisher/src/subscriber_main.cpp:15[m[K:
[1.167s] [01m[K/usr/include/c++/9/bits/basic_string.h:669:7:[m[K [01;36m[Knote: [m[K  in call to ‘[01m[Kstd::__cxx11::basic_string<_CharT, _Traits, _Alloc>& std::__cxx11::basic_string<_CharT, _Traits, _Alloc>::operator=(const std::__cxx11::basic_string<_CharT, _Traits, _Alloc>&) [with _CharT = char; _Traits = std::char_traits<char>; _Alloc = std::allocator<char>][m[K’
[1.167s]   669 |       [01;36m[Koperator[m[K=(const basic_string& __str)
[1.167s]       |       [01;36m[K^~~~~~~~[m[K
[1.167s] [01m[K/home/olel/Projects/MagangBayu24-ROS2/tugas2/src/and_publisher/src/subscriber_main.cpp:40:42:[m[K [01;31m[Kerror: [m[Kpassing ‘[01m[Kconst string[m[K’ {aka ‘[01m[Kconst std::__cxx11::basic_string<char>[m[K’} as ‘[01m[Kthis[m[K’ argument discards qualifiers [[01;31m[K-fpermissive[m[K]
[1.167s]    40 |     else if(received[10] == '2') {pub2 = [01;31m[Kreceived[m[K;}
[1.167s]       |                                          [01;31m[K^~~~~~~~[m[K
[1.167s] In file included from [01m[K/usr/include/c++/9/string:55[m[K,
[1.167s]                  from [01m[K/usr/include/c++/9/stdexcept:39[m[K,
[1.167s]                  from [01m[K/usr/include/c++/9/array:39[m[K,
[1.168s]                  from [01m[K/usr/include/c++/9/tuple:39[m[K,
[1.168s]                  from [01m[K/usr/include/c++/9/bits/unique_ptr.h:37[m[K,
[1.168s]                  from [01m[K/usr/include/c++/9/memory:80[m[K,
[1.168s]                  from [01m[K/home/olel/Projects/MagangBayu24-ROS2/tugas2/src/and_publisher/src/subscriber_main.cpp:15[m[K:
[1.168s] [01m[K/usr/include/c++/9/bits/basic_string.h:669:7:[m[K [01;36m[Knote: [m[K  in call to ‘[01m[Kstd::__cxx11::basic_string<_CharT, _Traits, _Alloc>& std::__cxx11::basic_string<_CharT, _Traits, _Alloc>::operator=(const std::__cxx11::basic_string<_CharT, _Traits, _Alloc>&) [with _CharT = char; _Traits = std::char_traits<char>; _Alloc = std::allocator<char>][m[K’
[1.168s]   669 |       [01;36m[Koperator[m[K=(const basic_string& __str)
[1.168s]       |       [01;36m[K^~~~~~~~[m[K
[2.424s] make[2]: *** [CMakeFiles/listener.dir/build.make:63: CMakeFiles/listener.dir/src/subscriber_main.cpp.o] Error 1
[2.424s] make[1]: *** [CMakeFiles/Makefile2:82: CMakeFiles/listener.dir/all] Error 2
[2.424s] make: *** [Makefile:141: all] Error 2
[2.428s] Invoked command in '/home/olel/Projects/MagangBayu24-ROS2/tugas2/build/and_publisher' returned '2': CMAKE_PREFIX_PATH=/opt/ros/foxy /usr/bin/cmake --build /home/olel/Projects/MagangBayu24-ROS2/tugas2/build/and_publisher -- -j16 -l16
