[0.667s] Invoking command in '/home/olel/Projects/MagangBayu24-ROS2/tugas3/src/py_pubsub': PYTHONPATH=/home/olel/Projects/MagangBayu24-ROS2/tugas3/build/py_pubsub/prefix_override:/home/olel/Projects/MagangBayu24-ROS2/tugas3/install/py_pubsub/lib/python3.8/site-packages:${PYTHONPATH} /usr/bin/python3 setup.py egg_info --egg-base ../../build/py_pubsub build --build-base /home/olel/Projects/MagangBayu24-ROS2/tugas3/build/py_pubsub/build install --record /home/olel/Projects/MagangBayu24-ROS2/tugas3/build/py_pubsub/install.log --install-scripts $base/lib/py_pubsub --single-version-externally-managed
[0.808s] running egg_info
[0.808s] writing ../../build/py_pubsub/py_pubsub.egg-info/PKG-INFO
[0.808s] writing dependency_links to ../../build/py_pubsub/py_pubsub.egg-info/dependency_links.txt
[0.808s] writing entry points to ../../build/py_pubsub/py_pubsub.egg-info/entry_points.txt
[0.808s] writing requirements to ../../build/py_pubsub/py_pubsub.egg-info/requires.txt
[0.809s] writing top-level names to ../../build/py_pubsub/py_pubsub.egg-info/top_level.txt
[0.833s] reading manifest file '../../build/py_pubsub/py_pubsub.egg-info/SOURCES.txt'
[0.834s] writing manifest file '../../build/py_pubsub/py_pubsub.egg-info/SOURCES.txt'
[0.834s] running build
[0.834s] running build_py
[0.834s] copying py_pubsub/publisher_member_function.py -> /home/olel/Projects/MagangBayu24-ROS2/tugas3/build/py_pubsub/build/lib/py_pubsub
[0.834s] running install
[0.835s] running install_lib
[0.836s] copying /home/olel/Projects/MagangBayu24-ROS2/tugas3/build/py_pubsub/build/lib/py_pubsub/publisher_member_function.py -> /home/olel/Projects/MagangBayu24-ROS2/tugas3/install/py_pubsub/lib/python3.8/site-packages/py_pubsub
[0.836s] byte-compiling /home/olel/Projects/MagangBayu24-ROS2/tugas3/install/py_pubsub/lib/python3.8/site-packages/py_pubsub/publisher_member_function.py to publisher_member_function.cpython-38.pyc
[0.837s] running install_data
[0.837s] running install_egg_info
[0.838s] removing '/home/olel/Projects/MagangBayu24-ROS2/tugas3/install/py_pubsub/lib/python3.8/site-packages/py_pubsub-0.0.0-py3.8.egg-info' (and everything under it)
[0.838s] Copying ../../build/py_pubsub/py_pubsub.egg-info to /home/olel/Projects/MagangBayu24-ROS2/tugas3/install/py_pubsub/lib/python3.8/site-packages/py_pubsub-0.0.0-py3.8.egg-info
[0.839s] running install_scripts
[0.851s] Installing talker script to /home/olel/Projects/MagangBayu24-ROS2/tugas3/install/py_pubsub/lib/py_pubsub
[0.851s] writing list of installed files to '/home/olel/Projects/MagangBayu24-ROS2/tugas3/build/py_pubsub/install.log'
[0.866s] Invoked command in '/home/olel/Projects/MagangBayu24-ROS2/tugas3/src/py_pubsub' returned '0': PYTHONPATH=/home/olel/Projects/MagangBayu24-ROS2/tugas3/build/py_pubsub/prefix_override:/home/olel/Projects/MagangBayu24-ROS2/tugas3/install/py_pubsub/lib/python3.8/site-packages:${PYTHONPATH} /usr/bin/python3 setup.py egg_info --egg-base ../../build/py_pubsub build --build-base /home/olel/Projects/MagangBayu24-ROS2/tugas3/build/py_pubsub/build install --record /home/olel/Projects/MagangBayu24-ROS2/tugas3/build/py_pubsub/install.log --install-scripts $base/lib/py_pubsub --single-version-externally-managed
