[0.093s] Invoking command in '/home/olel/Projects/MagangBayu24-ROS2/tugas2/build/and_publisher': CMAKE_PREFIX_PATH=/opt/ros/foxy /usr/bin/cmake --build /home/olel/Projects/MagangBayu24-ROS2/tugas2/build/and_publisher -- -j16 -l16
[0.138s] [35m[1mScanning dependencies of target listener[0m
[0.157s] [ 33%] Built target talker2
[0.158s] [ 66%] Built target talker1
[0.160s] [ 83%] [32mBuilding CXX object CMakeFiles/listener.dir/src/subscriber_main.cpp.o[0m
[1.137s] [01m[K/home/olel/Projects/MagangBayu24-ROS2/tugas2/src/and_publisher/src/subscriber_main.cpp:[m[K In member function ‘[01m[Kvoid MinimalSubscriber::topic_callback(std_msgs::msg::String_<std::allocator<void> >::SharedPtr) const[m[K’:
[1.137s] [01m[K/home/olel/Projects/MagangBayu24-ROS2/tugas2/src/and_publisher/src/subscriber_main.cpp:39:50:[m[K [01;31m[Kerror: [m[Kno matching function for call to ‘[01m[Kstd::__cxx11::basic_string<char>::assign(std::string&) const[m[K’
[1.137s]    39 |     if(received[10] == '1') {pub1.assign(received[01;31m[K)[m[K;}
[1.137s]       |                                                  [01;31m[K^[m[K
[1.137s] In file included from [01m[K/usr/include/c++/9/string:55[m[K,
[1.138s]                  from [01m[K/usr/include/c++/9/stdexcept:39[m[K,
[1.138s]                  from [01m[K/usr/include/c++/9/array:39[m[K,
[1.138s]                  from [01m[K/usr/include/c++/9/tuple:39[m[K,
[1.138s]                  from [01m[K/usr/include/c++/9/bits/unique_ptr.h:37[m[K,
[1.138s]                  from [01m[K/usr/include/c++/9/memory:80[m[K,
[1.138s]                  from [01m[K/home/olel/Projects/MagangBayu24-ROS2/tugas2/src/and_publisher/src/subscriber_main.cpp:15[m[K:
[1.138s] [01m[K/usr/include/c++/9/bits/basic_string.h:1368:7:[m[K [01;36m[Knote: [m[Kcandidate: ‘[01m[Kstd::__cxx11::basic_string<_CharT, _Traits, _Alloc>& std::__cxx11::basic_string<_CharT, _Traits, _Alloc>::assign(const std::__cxx11::basic_string<_CharT, _Traits, _Alloc>&) [with _CharT = char; _Traits = std::char_traits<char>; _Alloc = std::allocator<char>][m[K’ <near match>
[1.138s]  1368 |       [01;36m[Kassign[m[K(const basic_string& __str)
[1.138s]       |       [01;36m[K^~~~~~[m[K
[1.138s] [01m[K/usr/include/c++/9/bits/basic_string.h:1368:7:[m[K [01;36m[Knote: [m[K  passing ‘[01m[Kconst string*[m[K’ {aka ‘[01m[Kconst std::__cxx11::basic_string<char>*[m[K’} as ‘[01m[Kthis[m[K’ argument discards qualifiers
[1.138s] [01m[K/usr/include/c++/9/bits/basic_string.h:1384:7:[m[K [01;36m[Knote: [m[Kcandidate: ‘[01m[Kstd::__cxx11::basic_string<_CharT, _Traits, _Alloc>& std::__cxx11::basic_string<_CharT, _Traits, _Alloc>::assign(std::__cxx11::basic_string<_CharT, _Traits, _Alloc>&&) [with _CharT = char; _Traits = std::char_traits<char>; _Alloc = std::allocator<char>][m[K’ <near match>
[1.138s]  1384 |       [01;36m[Kassign[m[K(basic_string&& __str)
[1.138s]       |       [01;36m[K^~~~~~[m[K
[1.139s] [01m[K/usr/include/c++/9/bits/basic_string.h:1384:7:[m[K [01;36m[Knote: [m[K  conversion of argument 1 would be ill-formed:
[1.139s] [01m[K/home/olel/Projects/MagangBayu24-ROS2/tugas2/src/and_publisher/src/subscriber_main.cpp:39:42:[m[K [01;31m[Kerror: [m[Kcannot bind rvalue reference of type ‘[01m[Kstd::__cxx11::basic_string<char>&&[m[K’ to lvalue of type ‘[01m[Kstd::string[m[K’ {aka ‘[01m[Kstd::__cxx11::basic_string<char>[m[K’}
[1.139s]    39 |     if(received[10] == '1') {pub1.assign([01;31m[Kreceived[m[K);}
[1.139s]       |                                          [01;31m[K^~~~~~~~[m[K
[1.139s] In file included from [01m[K/usr/include/c++/9/string:55[m[K,
[1.139s]                  from [01m[K/usr/include/c++/9/stdexcept:39[m[K,
[1.139s]                  from [01m[K/usr/include/c++/9/array:39[m[K,
[1.139s]                  from [01m[K/usr/include/c++/9/tuple:39[m[K,
[1.139s]                  from [01m[K/usr/include/c++/9/bits/unique_ptr.h:37[m[K,
[1.139s]                  from [01m[K/usr/include/c++/9/memory:80[m[K,
[1.139s]                  from [01m[K/home/olel/Projects/MagangBayu24-ROS2/tugas2/src/and_publisher/src/subscriber_main.cpp:15[m[K:
[1.139s] [01m[K/usr/include/c++/9/bits/basic_string.h:1407:7:[m[K [01;36m[Knote: [m[Kcandidate: ‘[01m[Kstd::__cxx11::basic_string<_CharT, _Traits, _Alloc>& std::__cxx11::basic_string<_CharT, _Traits, _Alloc>::assign(const std::__cxx11::basic_string<_CharT, _Traits, _Alloc>&, std::__cxx11::basic_string<_CharT, _Traits, _Alloc>::size_type, std::__cxx11::basic_string<_CharT, _Traits, _Alloc>::size_type) [with _CharT = char; _Traits = std::char_traits<char>; _Alloc = std::allocator<char>; std::__cxx11::basic_string<_CharT, _Traits, _Alloc>::size_type = long unsigned int][m[K’
[1.139s]  1407 |       [01;36m[Kassign[m[K(const basic_string& __str, size_type __pos, size_type __n = npos)
[1.140s]       |       [01;36m[K^~~~~~[m[K
[1.140s] [01m[K/usr/include/c++/9/bits/basic_string.h:1407:7:[m[K [01;36m[Knote: [m[K  candidate expects 3 arguments, 1 provided
[1.140s] [01m[K/usr/include/c++/9/bits/basic_string.h:1423:7:[m[K [01;36m[Knote: [m[Kcandidate: ‘[01m[Kstd::__cxx11::basic_string<_CharT, _Traits, _Alloc>& std::__cxx11::basic_string<_CharT, _Traits, _Alloc>::assign(const _CharT*, std::__cxx11::basic_string<_CharT, _Traits, _Alloc>::size_type) [with _CharT = char; _Traits = std::char_traits<char>; _Alloc = std::allocator<char>; std::__cxx11::basic_string<_CharT, _Traits, _Alloc>::size_type = long unsigned int][m[K’
[1.140s]  1423 |       [01;36m[Kassign[m[K(const _CharT* __s, size_type __n)
[1.140s]       |       [01;36m[K^~~~~~[m[K
[1.140s] [01m[K/usr/include/c++/9/bits/basic_string.h:1423:7:[m[K [01;36m[Knote: [m[K  candidate expects 2 arguments, 1 provided
[1.140s] [01m[K/usr/include/c++/9/bits/basic_string.h:1439:7:[m[K [01;36m[Knote: [m[Kcandidate: ‘[01m[Kstd::__cxx11::basic_string<_CharT, _Traits, _Alloc>& std::__cxx11::basic_string<_CharT, _Traits, _Alloc>::assign(const _CharT*) [with _CharT = char; _Traits = std::char_traits<char>; _Alloc = std::allocator<char>][m[K’
[1.140s]  1439 |       [01;36m[Kassign[m[K(const _CharT* __s)
[1.140s]       |       [01;36m[K^~~~~~[m[K
[1.140s] [01m[K/usr/include/c++/9/bits/basic_string.h:1439:28:[m[K [01;36m[Knote: [m[K  no known conversion for argument 1 from ‘[01m[Kstd::string[m[K’ {aka ‘[01m[Kstd::__cxx11::basic_string<char>[m[K’} to ‘[01m[Kconst char*[m[K’
[1.140s]  1439 |       assign([01;36m[Kconst _CharT* __s[m[K)
[1.140s]       |              [01;36m[K~~~~~~~~~~~~~~^~~[m[K
[1.141s] [01m[K/usr/include/c++/9/bits/basic_string.h:1456:7:[m[K [01;36m[Knote: [m[Kcandidate: ‘[01m[Kstd::__cxx11::basic_string<_CharT, _Traits, _Alloc>& std::__cxx11::basic_string<_CharT, _Traits, _Alloc>::assign(std::__cxx11::basic_string<_CharT, _Traits, _Alloc>::size_type, _CharT) [with _CharT = char; _Traits = std::char_traits<char>; _Alloc = std::allocator<char>; std::__cxx11::basic_string<_CharT, _Traits, _Alloc>::size_type = long unsigned int][m[K’
[1.141s]  1456 |       [01;36m[Kassign[m[K(size_type __n, _CharT __c)
[1.141s]       |       [01;36m[K^~~~~~[m[K
[1.141s] [01m[K/usr/include/c++/9/bits/basic_string.h:1456:7:[m[K [01;36m[Knote: [m[K  candidate expects 2 arguments, 1 provided
[1.141s] [01m[K/usr/include/c++/9/bits/basic_string.h:1474:9:[m[K [01;36m[Knote: [m[Kcandidate: ‘[01m[Ktemplate<class _InputIterator, class> std::__cxx11::basic_string<_CharT, _Traits, _Alloc>& std::__cxx11::basic_string<_CharT, _Traits, _Alloc>::assign(_InputIterator, _InputIterator) [with _InputIterator = _InputIterator; <template-parameter-2-2> = <template-parameter-1-2>; _CharT = char; _Traits = std::char_traits<char>; _Alloc = std::allocator<char>][m[K’
[1.141s]  1474 |         [01;36m[Kassign[m[K(_InputIterator __first, _InputIterator __last)
[1.141s]       |         [01;36m[K^~~~~~[m[K
[1.141s] [01m[K/usr/include/c++/9/bits/basic_string.h:1474:9:[m[K [01;36m[Knote: [m[K  template argument deduction/substitution failed:
[1.141s] [01m[K/home/olel/Projects/MagangBayu24-ROS2/tugas2/src/and_publisher/src/subscriber_main.cpp:39:50:[m[K [01;36m[Knote: [m[K  candidate expects 2 arguments, 1 provided
[1.141s]    39 |     if(received[10] == '1') {pub1.assign(received[01;36m[K)[m[K;}
[1.141s]       |                                                  [01;36m[K^[m[K
[1.141s] In file included from [01m[K/usr/include/c++/9/string:55[m[K,
[1.141s]                  from [01m[K/usr/include/c++/9/stdexcept:39[m[K,
[1.142s]                  from [01m[K/usr/include/c++/9/array:39[m[K,
[1.142s]                  from [01m[K/usr/include/c++/9/tuple:39[m[K,
[1.142s]                  from [01m[K/usr/include/c++/9/bits/unique_ptr.h:37[m[K,
[1.142s]                  from [01m[K/usr/include/c++/9/memory:80[m[K,
[1.142s]                  from [01m[K/home/olel/Projects/MagangBayu24-ROS2/tugas2/src/and_publisher/src/subscriber_main.cpp:15[m[K:
[1.142s] [01m[K/usr/include/c++/9/bits/basic_string.h:1484:7:[m[K [01;36m[Knote: [m[Kcandidate: ‘[01m[Kstd::__cxx11::basic_string<_CharT, _Traits, _Alloc>& std::__cxx11::basic_string<_CharT, _Traits, _Alloc>::assign(std::initializer_list<_Tp>) [with _CharT = char; _Traits = std::char_traits<char>; _Alloc = std::allocator<char>][m[K’
[1.142s]  1484 |       [01;36m[Kassign[m[K(initializer_list<_CharT> __l)
[1.142s]       |       [01;36m[K^~~~~~[m[K
[1.142s] [01m[K/usr/include/c++/9/bits/basic_string.h:1484:39:[m[K [01;36m[Knote: [m[K  no known conversion for argument 1 from ‘[01m[Kstd::string[m[K’ {aka ‘[01m[Kstd::__cxx11::basic_string<char>[m[K’} to ‘[01m[Kstd::initializer_list<char>[m[K’
[1.142s]  1484 |       assign([01;36m[Kinitializer_list<_CharT> __l[m[K)
[1.142s]       |              [01;36m[K~~~~~~~~~~~~~~~~~~~~~~~~~^~~[m[K
[1.142s] [01m[K/home/olel/Projects/MagangBayu24-ROS2/tugas2/src/and_publisher/src/subscriber_main.cpp:40:55:[m[K [01;31m[Kerror: [m[Kno matching function for call to ‘[01m[Kstd::__cxx11::basic_string<char>::assign(std::string&) const[m[K’
[1.142s]    40 |     else if(received[10] == '2') {pub2.assign(received[01;31m[K)[m[K;}
[1.142s]       |                                                       [01;31m[K^[m[K
[1.143s] In file included from [01m[K/usr/include/c++/9/string:55[m[K,
[1.143s]                  from [01m[K/usr/include/c++/9/stdexcept:39[m[K,
[1.143s]                  from [01m[K/usr/include/c++/9/array:39[m[K,
[1.143s]                  from [01m[K/usr/include/c++/9/tuple:39[m[K,
[1.143s]                  from [01m[K/usr/include/c++/9/bits/unique_ptr.h:37[m[K,
[1.143s]                  from [01m[K/usr/include/c++/9/memory:80[m[K,
[1.143s]                  from [01m[K/home/olel/Projects/MagangBayu24-ROS2/tugas2/src/and_publisher/src/subscriber_main.cpp:15[m[K:
[1.143s] [01m[K/usr/include/c++/9/bits/basic_string.h:1368:7:[m[K [01;36m[Knote: [m[Kcandidate: ‘[01m[Kstd::__cxx11::basic_string<_CharT, _Traits, _Alloc>& std::__cxx11::basic_string<_CharT, _Traits, _Alloc>::assign(const std::__cxx11::basic_string<_CharT, _Traits, _Alloc>&) [with _CharT = char; _Traits = std::char_traits<char>; _Alloc = std::allocator<char>][m[K’ <near match>
[1.143s]  1368 |       [01;36m[Kassign[m[K(const basic_string& __str)
[1.143s]       |       [01;36m[K^~~~~~[m[K
[1.143s] [01m[K/usr/include/c++/9/bits/basic_string.h:1368:7:[m[K [01;36m[Knote: [m[K  passing ‘[01m[Kconst string*[m[K’ {aka ‘[01m[Kconst std::__cxx11::basic_string<char>*[m[K’} as ‘[01m[Kthis[m[K’ argument discards qualifiers
[1.143s] [01m[K/usr/include/c++/9/bits/basic_string.h:1384:7:[m[K [01;36m[Knote: [m[Kcandidate: ‘[01m[Kstd::__cxx11::basic_string<_CharT, _Traits, _Alloc>& std::__cxx11::basic_string<_CharT, _Traits, _Alloc>::assign(std::__cxx11::basic_string<_CharT, _Traits, _Alloc>&&) [with _CharT = char; _Traits = std::char_traits<char>; _Alloc = std::allocator<char>][m[K’ <near match>
[1.143s]  1384 |       [01;36m[Kassign[m[K(basic_string&& __str)
[1.144s]       |       [01;36m[K^~~~~~[m[K
[1.144s] [01m[K/usr/include/c++/9/bits/basic_string.h:1384:7:[m[K [01;36m[Knote: [m[K  conversion of argument 1 would be ill-formed:
[1.144s] [01m[K/home/olel/Projects/MagangBayu24-ROS2/tugas2/src/and_publisher/src/subscriber_main.cpp:40:47:[m[K [01;31m[Kerror: [m[Kcannot bind rvalue reference of type ‘[01m[Kstd::__cxx11::basic_string<char>&&[m[K’ to lvalue of type ‘[01m[Kstd::string[m[K’ {aka ‘[01m[Kstd::__cxx11::basic_string<char>[m[K’}
[1.144s]    40 |     else if(received[10] == '2') {pub2.assign([01;31m[Kreceived[m[K);}
[1.144s]       |                                               [01;31m[K^~~~~~~~[m[K
[1.144s] In file included from [01m[K/usr/include/c++/9/string:55[m[K,
[1.144s]                  from [01m[K/usr/include/c++/9/stdexcept:39[m[K,
[1.144s]                  from [01m[K/usr/include/c++/9/array:39[m[K,
[1.144s]                  from [01m[K/usr/include/c++/9/tuple:39[m[K,
[1.144s]                  from [01m[K/usr/include/c++/9/bits/unique_ptr.h:37[m[K,
[1.144s]                  from [01m[K/usr/include/c++/9/memory:80[m[K,
[1.144s]                  from [01m[K/home/olel/Projects/MagangBayu24-ROS2/tugas2/src/and_publisher/src/subscriber_main.cpp:15[m[K:
[1.144s] [01m[K/usr/include/c++/9/bits/basic_string.h:1407:7:[m[K [01;36m[Knote: [m[Kcandidate: ‘[01m[Kstd::__cxx11::basic_string<_CharT, _Traits, _Alloc>& std::__cxx11::basic_string<_CharT, _Traits, _Alloc>::assign(const std::__cxx11::basic_string<_CharT, _Traits, _Alloc>&, std::__cxx11::basic_string<_CharT, _Traits, _Alloc>::size_type, std::__cxx11::basic_string<_CharT, _Traits, _Alloc>::size_type) [with _CharT = char; _Traits = std::char_traits<char>; _Alloc = std::allocator<char>; std::__cxx11::basic_string<_CharT, _Traits, _Alloc>::size_type = long unsigned int][m[K’
[1.144s]  1407 |       [01;36m[Kassign[m[K(const basic_string& __str, size_type __pos, size_type __n = npos)
[1.145s]       |       [01;36m[K^~~~~~[m[K
[1.145s] [01m[K/usr/include/c++/9/bits/basic_string.h:1407:7:[m[K [01;36m[Knote: [m[K  candidate expects 3 arguments, 1 provided
[1.145s] [01m[K/usr/include/c++/9/bits/basic_string.h:1423:7:[m[K [01;36m[Knote: [m[Kcandidate: ‘[01m[Kstd::__cxx11::basic_string<_CharT, _Traits, _Alloc>& std::__cxx11::basic_string<_CharT, _Traits, _Alloc>::assign(const _CharT*, std::__cxx11::basic_string<_CharT, _Traits, _Alloc>::size_type) [with _CharT = char; _Traits = std::char_traits<char>; _Alloc = std::allocator<char>; std::__cxx11::basic_string<_CharT, _Traits, _Alloc>::size_type = long unsigned int][m[K’
[1.145s]  1423 |       [01;36m[Kassign[m[K(const _CharT* __s, size_type __n)
[1.145s]       |       [01;36m[K^~~~~~[m[K
[1.145s] [01m[K/usr/include/c++/9/bits/basic_string.h:1423:7:[m[K [01;36m[Knote: [m[K  candidate expects 2 arguments, 1 provided
[1.145s] [01m[K/usr/include/c++/9/bits/basic_string.h:1439:7:[m[K [01;36m[Knote: [m[Kcandidate: ‘[01m[Kstd::__cxx11::basic_string<_CharT, _Traits, _Alloc>& std::__cxx11::basic_string<_CharT, _Traits, _Alloc>::assign(const _CharT*) [with _CharT = char; _Traits = std::char_traits<char>; _Alloc = std::allocator<char>][m[K’
[1.145s]  1439 |       [01;36m[Kassign[m[K(const _CharT* __s)
[1.145s]       |       [01;36m[K^~~~~~[m[K
[1.145s] [01m[K/usr/include/c++/9/bits/basic_string.h:1439:28:[m[K [01;36m[Knote: [m[K  no known conversion for argument 1 from ‘[01m[Kstd::string[m[K’ {aka ‘[01m[Kstd::__cxx11::basic_string<char>[m[K’} to ‘[01m[Kconst char*[m[K’
[1.145s]  1439 |       assign([01;36m[Kconst _CharT* __s[m[K)
[1.145s]       |              [01;36m[K~~~~~~~~~~~~~~^~~[m[K
[1.145s] [01m[K/usr/include/c++/9/bits/basic_string.h:1456:7:[m[K [01;36m[Knote: [m[Kcandidate: ‘[01m[Kstd::__cxx11::basic_string<_CharT, _Traits, _Alloc>& std::__cxx11::basic_string<_CharT, _Traits, _Alloc>::assign(std::__cxx11::basic_string<_CharT, _Traits, _Alloc>::size_type, _CharT) [with _CharT = char; _Traits = std::char_traits<char>; _Alloc = std::allocator<char>; std::__cxx11::basic_string<_CharT, _Traits, _Alloc>::size_type = long unsigned int][m[K’
[1.146s]  1456 |       [01;36m[Kassign[m[K(size_type __n, _CharT __c)
[1.146s]       |       [01;36m[K^~~~~~[m[K
[1.146s] [01m[K/usr/include/c++/9/bits/basic_string.h:1456:7:[m[K [01;36m[Knote: [m[K  candidate expects 2 arguments, 1 provided
[1.146s] [01m[K/usr/include/c++/9/bits/basic_string.h:1474:9:[m[K [01;36m[Knote: [m[Kcandidate: ‘[01m[Ktemplate<class _InputIterator, class> std::__cxx11::basic_string<_CharT, _Traits, _Alloc>& std::__cxx11::basic_string<_CharT, _Traits, _Alloc>::assign(_InputIterator, _InputIterator) [with _InputIterator = _InputIterator; <template-parameter-2-2> = <template-parameter-1-2>; _CharT = char; _Traits = std::char_traits<char>; _Alloc = std::allocator<char>][m[K’
[1.146s]  1474 |         [01;36m[Kassign[m[K(_InputIterator __first, _InputIterator __last)
[1.146s]       |         [01;36m[K^~~~~~[m[K
[1.146s] [01m[K/usr/include/c++/9/bits/basic_string.h:1474:9:[m[K [01;36m[Knote: [m[K  template argument deduction/substitution failed:
[1.146s] [01m[K/home/olel/Projects/MagangBayu24-ROS2/tugas2/src/and_publisher/src/subscriber_main.cpp:40:55:[m[K [01;36m[Knote: [m[K  candidate expects 2 arguments, 1 provided
[1.146s]    40 |     else if(received[10] == '2') {pub2.assign(received[01;36m[K)[m[K;}
[1.146s]       |                                                       [01;36m[K^[m[K
[1.146s] In file included from [01m[K/usr/include/c++/9/string:55[m[K,
[1.146s]                  from [01m[K/usr/include/c++/9/stdexcept:39[m[K,
[1.146s]                  from [01m[K/usr/include/c++/9/array:39[m[K,
[1.146s]                  from [01m[K/usr/include/c++/9/tuple:39[m[K,
[1.146s]                  from [01m[K/usr/include/c++/9/bits/unique_ptr.h:37[m[K,
[1.147s]                  from [01m[K/usr/include/c++/9/memory:80[m[K,
[1.147s]                  from [01m[K/home/olel/Projects/MagangBayu24-ROS2/tugas2/src/and_publisher/src/subscriber_main.cpp:15[m[K:
[1.147s] [01m[K/usr/include/c++/9/bits/basic_string.h:1484:7:[m[K [01;36m[Knote: [m[Kcandidate: ‘[01m[Kstd::__cxx11::basic_string<_CharT, _Traits, _Alloc>& std::__cxx11::basic_string<_CharT, _Traits, _Alloc>::assign(std::initializer_list<_Tp>) [with _CharT = char; _Traits = std::char_traits<char>; _Alloc = std::allocator<char>][m[K’
[1.147s]  1484 |       [01;36m[Kassign[m[K(initializer_list<_CharT> __l)
[1.147s]       |       [01;36m[K^~~~~~[m[K
[1.147s] [01m[K/usr/include/c++/9/bits/basic_string.h:1484:39:[m[K [01;36m[Knote: [m[K  no known conversion for argument 1 from ‘[01m[Kstd::string[m[K’ {aka ‘[01m[Kstd::__cxx11::basic_string<char>[m[K’} to ‘[01m[Kstd::initializer_list<char>[m[K’
[1.147s]  1484 |       assign([01;36m[Kinitializer_list<_CharT> __l[m[K)
[1.147s]       |              [01;36m[K~~~~~~~~~~~~~~~~~~~~~~~~~^~~[m[K
[2.325s] make[2]: *** [CMakeFiles/listener.dir/build.make:63: CMakeFiles/listener.dir/src/subscriber_main.cpp.o] Error 1
[2.325s] make[1]: *** [CMakeFiles/Makefile2:82: CMakeFiles/listener.dir/all] Error 2
[2.325s] make: *** [Makefile:141: all] Error 2
[2.331s] Invoked command in '/home/olel/Projects/MagangBayu24-ROS2/tugas2/build/and_publisher' returned '2': CMAKE_PREFIX_PATH=/opt/ros/foxy /usr/bin/cmake --build /home/olel/Projects/MagangBayu24-ROS2/tugas2/build/and_publisher -- -j16 -l16
