[0.884s] Invoking command in '/home/olel/Projects/MagangBayu24-ROS2/tugas3/src/py_pubsub': PYTHONPATH=/home/olel/Projects/MagangBayu24-ROS2/tugas3/build/py_pubsub/prefix_override:/home/olel/Projects/MagangBayu24-ROS2/tugas3/install/py_pubsub/lib/python3.8/site-packages:${PYTHONPATH} /usr/bin/python3 setup.py egg_info --egg-base ../../build/py_pubsub build --build-base /home/olel/Projects/MagangBayu24-ROS2/tugas3/build/py_pubsub/build install --record /home/olel/Projects/MagangBayu24-ROS2/tugas3/build/py_pubsub/install.log --install-scripts $base/lib/py_pubsub --single-version-externally-managed
[1.031s] running egg_info
[1.031s] writing ../../build/py_pubsub/py_pubsub.egg-info/PKG-INFO
[1.031s] writing dependency_links to ../../build/py_pubsub/py_pubsub.egg-info/dependency_links.txt
[1.031s] writing entry points to ../../build/py_pubsub/py_pubsub.egg-info/entry_points.txt
[1.031s] writing requirements to ../../build/py_pubsub/py_pubsub.egg-info/requires.txt
[1.032s] writing top-level names to ../../build/py_pubsub/py_pubsub.egg-info/top_level.txt
[1.055s] reading manifest file '../../build/py_pubsub/py_pubsub.egg-info/SOURCES.txt'
[1.055s] writing manifest file '../../build/py_pubsub/py_pubsub.egg-info/SOURCES.txt'
[1.055s] running build
[1.056s] running build_py
[1.056s] copying py_pubsub/publisher_member_function.py -> /home/olel/Projects/MagangBayu24-ROS2/tugas3/build/py_pubsub/build/lib/py_pubsub
[1.056s] running install
[1.056s] running install_lib
[1.057s] copying /home/olel/Projects/MagangBayu24-ROS2/tugas3/build/py_pubsub/build/lib/py_pubsub/publisher_member_function.py -> /home/olel/Projects/MagangBayu24-ROS2/tugas3/install/py_pubsub/lib/python3.8/site-packages/py_pubsub
[1.057s] byte-compiling /home/olel/Projects/MagangBayu24-ROS2/tugas3/install/py_pubsub/lib/python3.8/site-packages/py_pubsub/publisher_member_function.py to publisher_member_function.cpython-38.pyc
[1.058s] running install_data
[1.058s] running install_egg_info
[1.060s] removing '/home/olel/Projects/MagangBayu24-ROS2/tugas3/install/py_pubsub/lib/python3.8/site-packages/py_pubsub-0.0.0-py3.8.egg-info' (and everything under it)
[1.060s] Copying ../../build/py_pubsub/py_pubsub.egg-info to /home/olel/Projects/MagangBayu24-ROS2/tugas3/install/py_pubsub/lib/python3.8/site-packages/py_pubsub-0.0.0-py3.8.egg-info
[1.060s] running install_scripts
[1.072s] Installing talker script to /home/olel/Projects/MagangBayu24-ROS2/tugas3/install/py_pubsub/lib/py_pubsub
[1.072s] writing list of installed files to '/home/olel/Projects/MagangBayu24-ROS2/tugas3/build/py_pubsub/install.log'
[1.086s] Invoked command in '/home/olel/Projects/MagangBayu24-ROS2/tugas3/src/py_pubsub' returned '0': PYTHONPATH=/home/olel/Projects/MagangBayu24-ROS2/tugas3/build/py_pubsub/prefix_override:/home/olel/Projects/MagangBayu24-ROS2/tugas3/install/py_pubsub/lib/python3.8/site-packages:${PYTHONPATH} /usr/bin/python3 setup.py egg_info --egg-base ../../build/py_pubsub build --build-base /home/olel/Projects/MagangBayu24-ROS2/tugas3/build/py_pubsub/build install --record /home/olel/Projects/MagangBayu24-ROS2/tugas3/build/py_pubsub/install.log --install-scripts $base/lib/py_pubsub --single-version-externally-managed
