[0.093s] Invoking command in '/home/olel/Projects/MagangBayu24-ROS2/tugas2/build/and_publisher': CMAKE_PREFIX_PATH=/opt/ros/foxy /usr/bin/cmake --build /home/olel/Projects/MagangBayu24-ROS2/tugas2/build/and_publisher -- -j16 -l16
[0.142s] [35m[1mScanning dependencies of target listener[0m
[0.159s] [ 33%] Built target talker1
[0.160s] [ 66%] Built target talker2
[0.171s] [ 83%] [32mBuilding CXX object CMakeFiles/listener.dir/src/subscriber_main.cpp.o[0m
[1.189s] [01m[K/home/olel/Projects/MagangBayu24-ROS2/tugas2/src/and_publisher/src/subscriber_main.cpp:[m[K In member function ‘[01m[Kvoid MinimalSubscriber::topic_callback(std_msgs::msg::String_<std::allocator<void> >::SharedPtr) const[m[K’:
[1.190s] [01m[K/home/olel/Projects/MagangBayu24-ROS2/tugas2/src/and_publisher/src/subscriber_main.cpp:39:42:[m[K [01;31m[Kerror: [m[Kpassing ‘[01m[Kconst string[m[K’ {aka ‘[01m[Kconst std::__cxx11::basic_string<char>[m[K’} as ‘[01m[Kthis[m[K’ argument discards qualifiers [[01;31m[K-fpermissive[m[K]
[1.190s]    39 |     if(received[10] == '1') {pub1 = msg->[01;31m[Kdata[m[K;}
[1.190s]       |                                          [01;31m[K^~~~[m[K
[1.190s] In file included from [01m[K/usr/include/c++/9/string:55[m[K,
[1.190s]                  from [01m[K/usr/include/c++/9/stdexcept:39[m[K,
[1.190s]                  from [01m[K/usr/include/c++/9/array:39[m[K,
[1.190s]                  from [01m[K/usr/include/c++/9/tuple:39[m[K,
[1.190s]                  from [01m[K/usr/include/c++/9/bits/unique_ptr.h:37[m[K,
[1.191s]                  from [01m[K/usr/include/c++/9/memory:80[m[K,
[1.191s]                  from [01m[K/home/olel/Projects/MagangBayu24-ROS2/tugas2/src/and_publisher/src/subscriber_main.cpp:15[m[K:
[1.191s] [01m[K/usr/include/c++/9/bits/basic_string.h:669:7:[m[K [01;36m[Knote: [m[K  in call to ‘[01m[Kstd::__cxx11::basic_string<_CharT, _Traits, _Alloc>& std::__cxx11::basic_string<_CharT, _Traits, _Alloc>::operator=(const std::__cxx11::basic_string<_CharT, _Traits, _Alloc>&) [with _CharT = char; _Traits = std::char_traits<char>; _Alloc = std::allocator<char>][m[K’
[1.191s]   669 |       [01;36m[Koperator[m[K=(const basic_string& __str)
[1.191s]       |       [01;36m[K^~~~~~~~[m[K
[1.191s] [01m[K/home/olel/Projects/MagangBayu24-ROS2/tugas2/src/and_publisher/src/subscriber_main.cpp:40:47:[m[K [01;31m[Kerror: [m[Kpassing ‘[01m[Kconst string[m[K’ {aka ‘[01m[Kconst std::__cxx11::basic_string<char>[m[K’} as ‘[01m[Kthis[m[K’ argument discards qualifiers [[01;31m[K-fpermissive[m[K]
[1.191s]    40 |     else if(received[10] == '2') {pub2 = msg->[01;31m[Kdata[m[K;}
[1.191s]       |                                               [01;31m[K^~~~[m[K
[1.191s] In file included from [01m[K/usr/include/c++/9/string:55[m[K,
[1.191s]                  from [01m[K/usr/include/c++/9/stdexcept:39[m[K,
[1.191s]                  from [01m[K/usr/include/c++/9/array:39[m[K,
[1.191s]                  from [01m[K/usr/include/c++/9/tuple:39[m[K,
[1.191s]                  from [01m[K/usr/include/c++/9/bits/unique_ptr.h:37[m[K,
[1.192s]                  from [01m[K/usr/include/c++/9/memory:80[m[K,
[1.192s]                  from [01m[K/home/olel/Projects/MagangBayu24-ROS2/tugas2/src/and_publisher/src/subscriber_main.cpp:15[m[K:
[1.192s] [01m[K/usr/include/c++/9/bits/basic_string.h:669:7:[m[K [01;36m[Knote: [m[K  in call to ‘[01m[Kstd::__cxx11::basic_string<_CharT, _Traits, _Alloc>& std::__cxx11::basic_string<_CharT, _Traits, _Alloc>::operator=(const std::__cxx11::basic_string<_CharT, _Traits, _Alloc>&) [with _CharT = char; _Traits = std::char_traits<char>; _Alloc = std::allocator<char>][m[K’
[1.192s]   669 |       [01;36m[Koperator[m[K=(const basic_string& __str)
[1.192s]       |       [01;36m[K^~~~~~~~[m[K
[2.439s] make[2]: *** [CMakeFiles/listener.dir/build.make:63: CMakeFiles/listener.dir/src/subscriber_main.cpp.o] Error 1
[2.439s] make[1]: *** [CMakeFiles/Makefile2:82: CMakeFiles/listener.dir/all] Error 2
[2.439s] make: *** [Makefile:141: all] Error 2
[2.443s] Invoked command in '/home/olel/Projects/MagangBayu24-ROS2/tugas2/build/and_publisher' returned '2': CMAKE_PREFIX_PATH=/opt/ros/foxy /usr/bin/cmake --build /home/olel/Projects/MagangBayu24-ROS2/tugas2/build/and_publisher -- -j16 -l16
