[0.092s] Invoking command in '/home/olel/Projects/MagangBayu24-ROS2/tugas1/build/mat_random': CMAKE_PREFIX_PATH=/opt/ros/foxy /usr/bin/cmake /home/olel/Projects/MagangBayu24-ROS2/tugas1/src/mat_random -DCMAKE_INSTALL_PREFIX=/home/olel/Projects/MagangBayu24-ROS2/tugas1/install/mat_random
[0.159s] -- The C compiler identification is GNU 9.4.0
[0.215s] -- The CXX compiler identification is GNU 9.4.0
[0.220s] -- Check for working C compiler: /usr/bin/cc
[0.315s] -- Check for working C compiler: /usr/bin/cc -- works
[0.317s] -- Detecting C compiler ABI info
[0.390s] -- Detecting C compiler ABI info - done
[0.403s] -- Detecting C compile features
[0.403s] -- Detecting C compile features - done
[0.404s] -- Check for working CXX compiler: /usr/bin/c++
[0.499s] -- Check for working CXX compiler: /usr/bin/c++ -- works
[0.501s] -- Detecting CXX compiler ABI info
[0.582s] -- Detecting CXX compiler ABI info - done
[0.593s] -- Detecting CXX compile features
[0.594s] -- Detecting CXX compile features - done
[0.595s] -- Found ament_cmake: 0.9.12 (/opt/ros/foxy/share/ament_cmake/cmake)
[0.615s] -- Found PythonInterp: /usr/bin/python3 (found suitable version "3.8.10", minimum required is "3") 
[0.615s] -- Using PYTHON_EXECUTABLE: /usr/bin/python3
[0.760s] -- Found rclcpp: 2.4.3 (/opt/ros/foxy/share/rclcpp/cmake)
[0.793s] -- Using all available rosidl_typesupport_c: rosidl_typesupport_fastrtps_c;rosidl_typesupport_introspection_c
[0.797s] -- Found rosidl_adapter: 1.3.1 (/opt/ros/foxy/share/rosidl_adapter/cmake)
[0.864s] -- Found OpenSSL: /usr/lib/x86_64-linux-gnu/libcrypto.so (found version "1.1.1f")  
[0.886s] -- Found FastRTPS: /opt/ros/foxy/include  
[0.950s] -- Using all available rosidl_typesupport_cpp: rosidl_typesupport_fastrtps_cpp;rosidl_typesupport_introspection_cpp
[0.988s] -- Found rmw_implementation_cmake: 1.0.4 (/opt/ros/foxy/share/rmw_implementation_cmake/cmake)
[0.989s] -- Using RMW implementation 'rmw_fastrtps_cpp' as default
[0.989s] -- Looking for pthread.h
[1.075s] -- Looking for pthread.h - found
[1.075s] -- Performing Test CMAKE_HAVE_LIBC_PTHREAD
[1.164s] -- Performing Test CMAKE_HAVE_LIBC_PTHREAD - Failed
[1.164s] -- Looking for pthread_create in pthreads
[1.240s] -- Looking for pthread_create in pthreads - not found
[1.240s] -- Looking for pthread_create in pthread
[1.329s] -- Looking for pthread_create in pthread - found
[1.332s] -- Found Threads: TRUE  
[1.456s] -- Found ament_lint_auto: 0.9.8 (/opt/ros/foxy/share/ament_lint_auto/cmake)
[1.516s] -- Added test 'copyright' to check source files copyright and LICENSE
[1.517s] -- Added test 'cppcheck' to perform static code analysis on C / C++ code
[1.517s] -- Configured cppcheck include dirs: 
[1.517s] -- Configured cppcheck exclude dirs and/or files: 
[1.517s] -- Added test 'cpplint' to check C / C++ code against the Google style
[1.517s] -- Configured cpplint exclude dirs and/or files: 
[1.518s] -- Added test 'lint_cmake' to check CMake code style
[1.518s] -- Added test 'uncrustify' to check C / C++ code style
[1.518s] -- Configured uncrustify additional arguments: 
[1.519s] -- Added test 'xmllint' to check XML markup files
[1.522s] -- Configuring done
[1.530s] -- Generating done
[1.531s] -- Build files have been written to: /home/olel/Projects/MagangBayu24-ROS2/tugas1/build/mat_random
[1.537s] Invoked command in '/home/olel/Projects/MagangBayu24-ROS2/tugas1/build/mat_random' returned '0': CMAKE_PREFIX_PATH=/opt/ros/foxy /usr/bin/cmake /home/olel/Projects/MagangBayu24-ROS2/tugas1/src/mat_random -DCMAKE_INSTALL_PREFIX=/home/olel/Projects/MagangBayu24-ROS2/tugas1/install/mat_random
[1.542s] Invoking command in '/home/olel/Projects/MagangBayu24-ROS2/tugas1/build/mat_random': CMAKE_PREFIX_PATH=/opt/ros/foxy /usr/bin/cmake --build /home/olel/Projects/MagangBayu24-ROS2/tugas1/build/mat_random -- -j16 -l16
[1.590s] [35m[1mScanning dependencies of target pembuatSoal[0m
[1.591s] [35m[1mScanning dependencies of target pengerjaSoal[0m
[1.624s] [ 50%] [32mBuilding CXX object CMakeFiles/pembuatSoal.dir/src/buat_soal_dan_kirim.cpp.o[0m
[1.624s] [ 50%] [32mBuilding CXX object CMakeFiles/pengerjaSoal.dir/src/terima_soal_dan_kerjakan.cpp.o[0m
[4.551s] [ 75%] [32m[1mLinking CXX executable pembuatSoal[0m
[4.689s] [ 75%] Built target pembuatSoal
[6.176s] [100%] [32m[1mLinking CXX executable pengerjaSoal[0m
[6.398s] [100%] Built target pengerjaSoal
[6.412s] Invoked command in '/home/olel/Projects/MagangBayu24-ROS2/tugas1/build/mat_random' returned '0': CMAKE_PREFIX_PATH=/opt/ros/foxy /usr/bin/cmake --build /home/olel/Projects/MagangBayu24-ROS2/tugas1/build/mat_random -- -j16 -l16
[6.463s] Invoking command in '/home/olel/Projects/MagangBayu24-ROS2/tugas1/build/mat_random': CMAKE_PREFIX_PATH=/opt/ros/foxy /usr/bin/cmake --install /home/olel/Projects/MagangBayu24-ROS2/tugas1/build/mat_random
[6.472s] -- Install configuration: ""
[6.473s] -- Installing: /home/olel/Projects/MagangBayu24-ROS2/tugas1/install/mat_random/lib/mat_random/pembuatSoal
[6.473s] -- Set runtime path of "/home/olel/Projects/MagangBayu24-ROS2/tugas1/install/mat_random/lib/mat_random/pembuatSoal" to ""
[6.473s] -- Installing: /home/olel/Projects/MagangBayu24-ROS2/tugas1/install/mat_random/lib/mat_random/pengerjaSoal
[6.474s] -- Set runtime path of "/home/olel/Projects/MagangBayu24-ROS2/tugas1/install/mat_random/lib/mat_random/pengerjaSoal" to ""
[6.475s] -- Installing: /home/olel/Projects/MagangBayu24-ROS2/tugas1/install/mat_random/share/ament_index/resource_index/package_run_dependencies/mat_random
[6.475s] -- Installing: /home/olel/Projects/MagangBayu24-ROS2/tugas1/install/mat_random/share/ament_index/resource_index/parent_prefix_path/mat_random
[6.475s] -- Installing: /home/olel/Projects/MagangBayu24-ROS2/tugas1/install/mat_random/share/mat_random/environment/ament_prefix_path.sh
[6.475s] -- Installing: /home/olel/Projects/MagangBayu24-ROS2/tugas1/install/mat_random/share/mat_random/environment/ament_prefix_path.dsv
[6.475s] -- Installing: /home/olel/Projects/MagangBayu24-ROS2/tugas1/install/mat_random/share/mat_random/environment/path.sh
[6.475s] -- Installing: /home/olel/Projects/MagangBayu24-ROS2/tugas1/install/mat_random/share/mat_random/environment/path.dsv
[6.475s] -- Installing: /home/olel/Projects/MagangBayu24-ROS2/tugas1/install/mat_random/share/mat_random/local_setup.bash
[6.475s] -- Installing: /home/olel/Projects/MagangBayu24-ROS2/tugas1/install/mat_random/share/mat_random/local_setup.sh
[6.476s] -- Installing: /home/olel/Projects/MagangBayu24-ROS2/tugas1/install/mat_random/share/mat_random/local_setup.zsh
[6.476s] -- Installing: /home/olel/Projects/MagangBayu24-ROS2/tugas1/install/mat_random/share/mat_random/local_setup.dsv
[6.476s] -- Installing: /home/olel/Projects/MagangBayu24-ROS2/tugas1/install/mat_random/share/mat_random/package.dsv
[6.476s] -- Installing: /home/olel/Projects/MagangBayu24-ROS2/tugas1/install/mat_random/share/ament_index/resource_index/packages/mat_random
[6.476s] -- Installing: /home/olel/Projects/MagangBayu24-ROS2/tugas1/install/mat_random/share/mat_random/cmake/mat_randomConfig.cmake
[6.476s] -- Installing: /home/olel/Projects/MagangBayu24-ROS2/tugas1/install/mat_random/share/mat_random/cmake/mat_randomConfig-version.cmake
[6.476s] -- Installing: /home/olel/Projects/MagangBayu24-ROS2/tugas1/install/mat_random/share/mat_random/package.xml
[6.478s] Invoked command in '/home/olel/Projects/MagangBayu24-ROS2/tugas1/build/mat_random' returned '0': CMAKE_PREFIX_PATH=/opt/ros/foxy /usr/bin/cmake --install /home/olel/Projects/MagangBayu24-ROS2/tugas1/build/mat_random
