[1.359s] DEBUG:colcon:Command line arguments: ['/usr/bin/colcon', 'build']
[1.359s] DEBUG:colcon:Parsed command line arguments: Namespace(allow_overriding=[], ament_cmake_args=None, base_paths=['.'], build_base='build', catkin_cmake_args=None, catkin_skip_building_tests=False, cmake_args=None, cmake_clean_cache=False, cmake_clean_first=False, cmake_force_configure=False, cmake_target=None, cmake_target_skip_unavailable=False, continue_on_error=False, event_handlers=None, executor='parallel', ignore_user_meta=False, install_base='install', log_base=None, log_level=None, main=<bound method BuildVerb.main of <colcon_core.verb.build.BuildVerb object at 0x7f39a101b310>>, merge_install=False, metas=['./colcon.meta'], packages_above=None, packages_above_and_dependencies=None, packages_above_depth=None, packages_end=None, packages_ignore=None, packages_ignore_regex=None, packages_select=None, packages_select_build_failed=False, packages_select_by_dep=None, packages_select_regex=None, packages_select_test_failures=False, packages_skip=None, packages_skip_build_finished=False, packages_skip_by_dep=None, packages_skip_regex=None, packages_skip_test_passed=False, packages_skip_up_to=None, packages_start=None, packages_up_to=None, packages_up_to_regex=None, parallel_workers=16, paths=None, symlink_install=False, test_result_base=None, verb_extension=<colcon_core.verb.build.BuildVerb object at 0x7f39a101b310>, verb_name='build', verb_parser=<colcon_defaults.argument_parser.defaults.DefaultArgumentsDecorator object at 0x7f39a0b60e20>)
[1.413s] Level 1:colcon.colcon_core.package_discovery:discover_packages(colcon_meta) check parameters
[1.413s] Level 1:colcon.colcon_core.package_discovery:discover_packages(recursive) check parameters
[1.413s] Level 1:colcon.colcon_core.package_discovery:discover_packages(ignore) check parameters
[1.413s] Level 1:colcon.colcon_core.package_discovery:discover_packages(path) check parameters
[1.413s] Level 1:colcon.colcon_core.package_discovery:discover_packages(colcon_meta) discover
[1.413s] Level 1:colcon.colcon_core.package_discovery:discover_packages(recursive) discover
[1.413s] INFO:colcon.colcon_core.package_discovery:Crawling recursively for packages in '/home/olel/Projects/MagangBayu24-ROS2/tugas2'
[1.413s] Level 1:colcon.colcon_core.package_identification:_identify(.) by extensions ['ignore', 'ignore_ament_install']
[1.413s] Level 1:colcon.colcon_core.package_identification:_identify(.) by extension 'ignore'
[1.413s] Level 1:colcon.colcon_core.package_identification:_identify(.) by extension 'ignore_ament_install'
[1.413s] Level 1:colcon.colcon_core.package_identification:_identify(.) by extensions ['colcon_pkg']
[1.413s] Level 1:colcon.colcon_core.package_identification:_identify(.) by extension 'colcon_pkg'
[1.413s] Level 1:colcon.colcon_core.package_identification:_identify(.) by extensions ['colcon_meta']
[1.413s] Level 1:colcon.colcon_core.package_identification:_identify(.) by extension 'colcon_meta'
[1.413s] Level 1:colcon.colcon_core.package_identification:_identify(.) by extensions ['ros']
[1.413s] Level 1:colcon.colcon_core.package_identification:_identify(.) by extension 'ros'
[1.420s] Level 1:colcon.colcon_core.package_identification:_identify(.) by extensions ['cmake', 'python']
[1.420s] Level 1:colcon.colcon_core.package_identification:_identify(.) by extension 'cmake'
[1.420s] Level 1:colcon.colcon_core.package_identification:_identify(.) by extension 'python'
[1.420s] Level 1:colcon.colcon_core.package_identification:_identify(.) by extensions ['python_setup_py']
[1.420s] Level 1:colcon.colcon_core.package_identification:_identify(.) by extension 'python_setup_py'
[1.420s] Level 1:colcon.colcon_core.package_identification:_identify(build) by extensions ['ignore', 'ignore_ament_install']
[1.420s] Level 1:colcon.colcon_core.package_identification:_identify(build) by extension 'ignore'
[1.420s] Level 1:colcon.colcon_core.package_identification:_identify(build) ignored
[1.420s] Level 1:colcon.colcon_core.package_identification:_identify(install) by extensions ['ignore', 'ignore_ament_install']
[1.420s] Level 1:colcon.colcon_core.package_identification:_identify(install) by extension 'ignore'
[1.421s] Level 1:colcon.colcon_core.package_identification:_identify(install) ignored
[1.421s] Level 1:colcon.colcon_core.package_identification:_identify(log) by extensions ['ignore', 'ignore_ament_install']
[1.421s] Level 1:colcon.colcon_core.package_identification:_identify(log) by extension 'ignore'
[1.421s] Level 1:colcon.colcon_core.package_identification:_identify(log) ignored
[1.421s] Level 1:colcon.colcon_core.package_identification:_identify(src) by extensions ['ignore', 'ignore_ament_install']
[1.421s] Level 1:colcon.colcon_core.package_identification:_identify(src) by extension 'ignore'
[1.421s] Level 1:colcon.colcon_core.package_identification:_identify(src) by extension 'ignore_ament_install'
[1.421s] Level 1:colcon.colcon_core.package_identification:_identify(src) by extensions ['colcon_pkg']
[1.421s] Level 1:colcon.colcon_core.package_identification:_identify(src) by extension 'colcon_pkg'
[1.421s] Level 1:colcon.colcon_core.package_identification:_identify(src) by extensions ['colcon_meta']
[1.421s] Level 1:colcon.colcon_core.package_identification:_identify(src) by extension 'colcon_meta'
[1.421s] Level 1:colcon.colcon_core.package_identification:_identify(src) by extensions ['ros']
[1.421s] Level 1:colcon.colcon_core.package_identification:_identify(src) by extension 'ros'
[1.421s] Level 1:colcon.colcon_core.package_identification:_identify(src) by extensions ['cmake', 'python']
[1.421s] Level 1:colcon.colcon_core.package_identification:_identify(src) by extension 'cmake'
[1.421s] Level 1:colcon.colcon_core.package_identification:_identify(src) by extension 'python'
[1.421s] Level 1:colcon.colcon_core.package_identification:_identify(src) by extensions ['python_setup_py']
[1.421s] Level 1:colcon.colcon_core.package_identification:_identify(src) by extension 'python_setup_py'
[1.421s] Level 1:colcon.colcon_core.package_identification:_identify(src/and_publisher) by extensions ['ignore', 'ignore_ament_install']
[1.421s] Level 1:colcon.colcon_core.package_identification:_identify(src/and_publisher) by extension 'ignore'
[1.421s] Level 1:colcon.colcon_core.package_identification:_identify(src/and_publisher) by extension 'ignore_ament_install'
[1.421s] Level 1:colcon.colcon_core.package_identification:_identify(src/and_publisher) by extensions ['colcon_pkg']
[1.421s] Level 1:colcon.colcon_core.package_identification:_identify(src/and_publisher) by extension 'colcon_pkg'
[1.421s] Level 1:colcon.colcon_core.package_identification:_identify(src/and_publisher) by extensions ['colcon_meta']
[1.421s] Level 1:colcon.colcon_core.package_identification:_identify(src/and_publisher) by extension 'colcon_meta'
[1.421s] Level 1:colcon.colcon_core.package_identification:_identify(src/and_publisher) by extensions ['ros']
[1.421s] Level 1:colcon.colcon_core.package_identification:_identify(src/and_publisher) by extension 'ros'
[1.423s] DEBUG:colcon.colcon_core.package_identification:Package 'src/and_publisher' with type 'ros.ament_cmake' and name 'and_publisher'
[1.423s] Level 1:colcon.colcon_core.package_discovery:discover_packages(recursive) using defaults
[1.423s] Level 1:colcon.colcon_core.package_discovery:discover_packages(ignore) discover
[1.423s] Level 1:colcon.colcon_core.package_discovery:discover_packages(ignore) using defaults
[1.423s] Level 1:colcon.colcon_core.package_discovery:discover_packages(path) discover
[1.423s] Level 1:colcon.colcon_core.package_discovery:discover_packages(path) using defaults
[1.556s] Level 1:colcon.colcon_core.package_discovery:discover_packages(prefix_path) check parameters
[1.556s] Level 1:colcon.colcon_core.package_discovery:discover_packages(prefix_path) discover
[1.600s] DEBUG:colcon.colcon_installed_package_information.package_discovery:Found 256 installed packages in /opt/ros/foxy
[1.601s] Level 1:colcon.colcon_core.package_discovery:discover_packages(prefix_path) using defaults
[1.690s] Level 5:colcon.colcon_core.verb:set package 'and_publisher' build argument 'cmake_args' from command line to 'None'
[1.690s] Level 5:colcon.colcon_core.verb:set package 'and_publisher' build argument 'cmake_target' from command line to 'None'
[1.691s] Level 5:colcon.colcon_core.verb:set package 'and_publisher' build argument 'cmake_target_skip_unavailable' from command line to 'False'
[1.691s] Level 5:colcon.colcon_core.verb:set package 'and_publisher' build argument 'cmake_clean_cache' from command line to 'False'
[1.691s] Level 5:colcon.colcon_core.verb:set package 'and_publisher' build argument 'cmake_clean_first' from command line to 'False'
[1.691s] Level 5:colcon.colcon_core.verb:set package 'and_publisher' build argument 'cmake_force_configure' from command line to 'False'
[1.691s] Level 5:colcon.colcon_core.verb:set package 'and_publisher' build argument 'ament_cmake_args' from command line to 'None'
[1.691s] Level 5:colcon.colcon_core.verb:set package 'and_publisher' build argument 'catkin_cmake_args' from command line to 'None'
[1.691s] Level 5:colcon.colcon_core.verb:set package 'and_publisher' build argument 'catkin_skip_building_tests' from command line to 'False'
[1.691s] DEBUG:colcon.colcon_core.verb:Building package 'and_publisher' with the following arguments: {'ament_cmake_args': None, 'build_base': '/home/olel/Projects/MagangBayu24-ROS2/tugas2/build/and_publisher', 'catkin_cmake_args': None, 'catkin_skip_building_tests': False, 'cmake_args': None, 'cmake_clean_cache': False, 'cmake_clean_first': False, 'cmake_force_configure': False, 'cmake_target': None, 'cmake_target_skip_unavailable': False, 'install_base': '/home/olel/Projects/MagangBayu24-ROS2/tugas2/install/and_publisher', 'merge_install': False, 'path': '/home/olel/Projects/MagangBayu24-ROS2/tugas2/src/and_publisher', 'symlink_install': False, 'test_result_base': None}
[1.714s] INFO:colcon.colcon_core.executor:Executing jobs using 'parallel' executor
[1.738s] DEBUG:colcon.colcon_parallel_executor.executor.parallel:run_until_complete
[1.739s] INFO:colcon.colcon_ros.task.ament_cmake.build:Building ROS package in '/home/olel/Projects/MagangBayu24-ROS2/tugas2/src/and_publisher' with build type 'ament_cmake'
[1.739s] INFO:colcon.colcon_cmake.task.cmake.build:Building CMake package in '/home/olel/Projects/MagangBayu24-ROS2/tugas2/src/and_publisher'
[1.767s] INFO:colcon.colcon_core.plugin_system:Skipping extension 'colcon_core.shell.bat': Not used on non-Windows systems
[1.767s] INFO:colcon.colcon_core.shell:Skip shell extension 'powershell' for command environment: Not usable outside of PowerShell
[1.767s] DEBUG:colcon.colcon_core.shell:Skip shell extension 'dsv' for command environment
[1.856s] DEBUG:colcon.colcon_core.event_handler.log_command:Invoking command in '/home/olel/Projects/MagangBayu24-ROS2/tugas2/build/and_publisher': CMAKE_PREFIX_PATH=/opt/ros/foxy /usr/bin/cmake --build /home/olel/Projects/MagangBayu24-ROS2/tugas2/build/and_publisher -- -j16 -l16
[5.052s] DEBUG:colcon.colcon_core.event_handler.log_command:Invoked command in '/home/olel/Projects/MagangBayu24-ROS2/tugas2/build/and_publisher' returned '0': CMAKE_PREFIX_PATH=/opt/ros/foxy /usr/bin/cmake --build /home/olel/Projects/MagangBayu24-ROS2/tugas2/build/and_publisher -- -j16 -l16
[5.097s] DEBUG:colcon.colcon_core.event_handler.log_command:Invoking command in '/home/olel/Projects/MagangBayu24-ROS2/tugas2/build/and_publisher': CMAKE_PREFIX_PATH=/opt/ros/foxy /usr/bin/cmake --install /home/olel/Projects/MagangBayu24-ROS2/tugas2/build/and_publisher
[5.113s] Level 1:colcon.colcon_core.environment:create_environment_scripts_only(and_publisher)
[5.114s] DEBUG:colcon.colcon_core.event_handler.log_command:Invoked command in '/home/olel/Projects/MagangBayu24-ROS2/tugas2/build/and_publisher' returned '0': CMAKE_PREFIX_PATH=/opt/ros/foxy /usr/bin/cmake --install /home/olel/Projects/MagangBayu24-ROS2/tugas2/build/and_publisher
[5.142s] Level 1:colcon.colcon_core.environment:checking '/home/olel/Projects/MagangBayu24-ROS2/tugas2/install/and_publisher' for CMake module files
[5.142s] Level 1:colcon.colcon_core.environment:checking '/home/olel/Projects/MagangBayu24-ROS2/tugas2/install/and_publisher' for CMake config files
[5.142s] Level 1:colcon.colcon_core.shell:create_environment_hook('and_publisher', 'cmake_prefix_path')
[5.165s] INFO:colcon.colcon_core.shell:Creating environment hook '/home/olel/Projects/MagangBayu24-ROS2/tugas2/install/and_publisher/share/and_publisher/hook/cmake_prefix_path.ps1'
[5.166s] INFO:colcon.colcon_core.shell:Creating environment descriptor '/home/olel/Projects/MagangBayu24-ROS2/tugas2/install/and_publisher/share/and_publisher/hook/cmake_prefix_path.dsv'
[5.166s] INFO:colcon.colcon_core.shell:Creating environment hook '/home/olel/Projects/MagangBayu24-ROS2/tugas2/install/and_publisher/share/and_publisher/hook/cmake_prefix_path.sh'
[5.167s] Level 1:colcon.colcon_core.environment:checking '/home/olel/Projects/MagangBayu24-ROS2/tugas2/install/and_publisher/lib'
[5.167s] Level 1:colcon.colcon_core.environment:checking '/home/olel/Projects/MagangBayu24-ROS2/tugas2/install/and_publisher/bin'
[5.167s] Level 1:colcon.colcon_core.environment:checking '/home/olel/Projects/MagangBayu24-ROS2/tugas2/install/and_publisher/lib/pkgconfig/and_publisher.pc'
[5.167s] Level 1:colcon.colcon_core.environment:checking '/home/olel/Projects/MagangBayu24-ROS2/tugas2/install/and_publisher/lib/python3.8/site-packages'
[5.167s] Level 1:colcon.colcon_core.environment:checking '/home/olel/Projects/MagangBayu24-ROS2/tugas2/install/and_publisher/bin'
[5.191s] INFO:colcon.colcon_core.shell:Creating package script '/home/olel/Projects/MagangBayu24-ROS2/tugas2/install/and_publisher/share/and_publisher/package.ps1'
[5.192s] INFO:colcon.colcon_core.shell:Creating package descriptor '/home/olel/Projects/MagangBayu24-ROS2/tugas2/install/and_publisher/share/and_publisher/package.dsv'
[5.192s] INFO:colcon.colcon_core.shell:Creating package script '/home/olel/Projects/MagangBayu24-ROS2/tugas2/install/and_publisher/share/and_publisher/package.sh'
[5.193s] INFO:colcon.colcon_core.shell:Creating package script '/home/olel/Projects/MagangBayu24-ROS2/tugas2/install/and_publisher/share/and_publisher/package.bash'
[5.193s] INFO:colcon.colcon_core.shell:Creating package script '/home/olel/Projects/MagangBayu24-ROS2/tugas2/install/and_publisher/share/and_publisher/package.zsh'
[5.194s] Level 1:colcon.colcon_core.environment:create_file_with_runtime_dependencies(/home/olel/Projects/MagangBayu24-ROS2/tugas2/install/and_publisher/share/colcon-core/packages/and_publisher)
[5.254s] Level 1:colcon.colcon_core.environment:create_environment_scripts_only(and_publisher)
[5.278s] Level 1:colcon.colcon_core.environment:checking '/home/olel/Projects/MagangBayu24-ROS2/tugas2/install/and_publisher' for CMake module files
[5.278s] Level 1:colcon.colcon_core.environment:checking '/home/olel/Projects/MagangBayu24-ROS2/tugas2/install/and_publisher' for CMake config files
[5.279s] Level 1:colcon.colcon_core.shell:create_environment_hook('and_publisher', 'cmake_prefix_path')
[5.301s] INFO:colcon.colcon_core.shell:Creating environment hook '/home/olel/Projects/MagangBayu24-ROS2/tugas2/install/and_publisher/share/and_publisher/hook/cmake_prefix_path.ps1'
[5.302s] INFO:colcon.colcon_core.shell:Creating environment descriptor '/home/olel/Projects/MagangBayu24-ROS2/tugas2/install/and_publisher/share/and_publisher/hook/cmake_prefix_path.dsv'
[5.302s] INFO:colcon.colcon_core.shell:Creating environment hook '/home/olel/Projects/MagangBayu24-ROS2/tugas2/install/and_publisher/share/and_publisher/hook/cmake_prefix_path.sh'
[5.302s] Level 1:colcon.colcon_core.environment:checking '/home/olel/Projects/MagangBayu24-ROS2/tugas2/install/and_publisher/lib'
[5.302s] Level 1:colcon.colcon_core.environment:checking '/home/olel/Projects/MagangBayu24-ROS2/tugas2/install/and_publisher/bin'
[5.303s] Level 1:colcon.colcon_core.environment:checking '/home/olel/Projects/MagangBayu24-ROS2/tugas2/install/and_publisher/lib/pkgconfig/and_publisher.pc'
[5.303s] Level 1:colcon.colcon_core.environment:checking '/home/olel/Projects/MagangBayu24-ROS2/tugas2/install/and_publisher/lib/python3.8/site-packages'
[5.303s] Level 1:colcon.colcon_core.environment:checking '/home/olel/Projects/MagangBayu24-ROS2/tugas2/install/and_publisher/bin'
[5.326s] INFO:colcon.colcon_core.shell:Creating package script '/home/olel/Projects/MagangBayu24-ROS2/tugas2/install/and_publisher/share/and_publisher/package.ps1'
[5.326s] INFO:colcon.colcon_core.shell:Creating package descriptor '/home/olel/Projects/MagangBayu24-ROS2/tugas2/install/and_publisher/share/and_publisher/package.dsv'
[5.327s] INFO:colcon.colcon_core.shell:Creating package script '/home/olel/Projects/MagangBayu24-ROS2/tugas2/install/and_publisher/share/and_publisher/package.sh'
[5.327s] INFO:colcon.colcon_core.shell:Creating package script '/home/olel/Projects/MagangBayu24-ROS2/tugas2/install/and_publisher/share/and_publisher/package.bash'
[5.327s] INFO:colcon.colcon_core.shell:Creating package script '/home/olel/Projects/MagangBayu24-ROS2/tugas2/install/and_publisher/share/and_publisher/package.zsh'
[5.328s] Level 1:colcon.colcon_core.environment:create_file_with_runtime_dependencies(/home/olel/Projects/MagangBayu24-ROS2/tugas2/install/and_publisher/share/colcon-core/packages/and_publisher)
[5.328s] DEBUG:colcon.colcon_parallel_executor.executor.parallel:closing loop
[5.328s] DEBUG:colcon.colcon_parallel_executor.executor.parallel:loop closed
[5.328s] DEBUG:colcon.colcon_parallel_executor.executor.parallel:run_until_complete finished with '0'
[5.328s] DEBUG:colcon.colcon_core.event_reactor:joining thread
[5.361s] INFO:colcon.colcon_core.plugin_system:Skipping extension 'colcon_notification.desktop_notification.terminal_notifier': Not used on non-Darwin systems
[5.361s] INFO:colcon.colcon_core.plugin_system:Skipping extension 'colcon_notification.desktop_notification.win32': Not used on non-Windows systems
[5.361s] INFO:colcon.colcon_notification.desktop_notification:Sending desktop notification using 'notify2'
[5.377s] DEBUG:colcon.colcon_core.event_reactor:joined thread
[5.403s] INFO:colcon.colcon_core.shell:Creating prefix script '/home/olel/Projects/MagangBayu24-ROS2/tugas2/install/local_setup.ps1'
[5.404s] INFO:colcon.colcon_core.shell:Creating prefix util module '/home/olel/Projects/MagangBayu24-ROS2/tugas2/install/_local_setup_util_ps1.py'
[5.405s] INFO:colcon.colcon_core.shell:Creating prefix chain script '/home/olel/Projects/MagangBayu24-ROS2/tugas2/install/setup.ps1'
[5.431s] INFO:colcon.colcon_core.shell:Creating prefix script '/home/olel/Projects/MagangBayu24-ROS2/tugas2/install/local_setup.sh'
[5.431s] INFO:colcon.colcon_core.shell:Creating prefix util module '/home/olel/Projects/MagangBayu24-ROS2/tugas2/install/_local_setup_util_sh.py'
[5.431s] INFO:colcon.colcon_core.shell:Creating prefix chain script '/home/olel/Projects/MagangBayu24-ROS2/tugas2/install/setup.sh'
[5.458s] INFO:colcon.colcon_core.shell:Creating prefix script '/home/olel/Projects/MagangBayu24-ROS2/tugas2/install/local_setup.bash'
[5.458s] INFO:colcon.colcon_core.shell:Creating prefix chain script '/home/olel/Projects/MagangBayu24-ROS2/tugas2/install/setup.bash'
[5.483s] INFO:colcon.colcon_core.shell:Creating prefix script '/home/olel/Projects/MagangBayu24-ROS2/tugas2/install/local_setup.zsh'
[5.483s] INFO:colcon.colcon_core.shell:Creating prefix chain script '/home/olel/Projects/MagangBayu24-ROS2/tugas2/install/setup.zsh'
