running egg_info
writing ../../build/py_pubsub/py_pubsub.egg-info/PKG-INFO
writing dependency_links to ../../build/py_pubsub/py_pubsub.egg-info/dependency_links.txt
writing entry points to ../../build/py_pubsub/py_pubsub.egg-info/entry_points.txt
writing requirements to ../../build/py_pubsub/py_pubsub.egg-info/requires.txt
writing top-level names to ../../build/py_pubsub/py_pubsub.egg-info/top_level.txt
reading manifest file '../../build/py_pubsub/py_pubsub.egg-info/SOURCES.txt'
writing manifest file '../../build/py_pubsub/py_pubsub.egg-info/SOURCES.txt'
running build
running build_py
running install
running install_lib
byte-compiling /home/olel/Projects/MagangBayu24-ROS2/tugas3/install/py_pubsub/lib/python3.8/site-packages/py_pubsub/publisher_member_function.py to publisher_member_function.cpython-38.pyc
running install_data
Sorry: IndentationError: unexpected indent (publisher_member_function.py, line 2)
copying package.xml -> /home/olel/Projects/MagangBayu24-ROS2/tugas3/install/py_pubsub/share/py_pubsub
running install_egg_info
removing '/home/olel/Projects/MagangBayu24-ROS2/tugas3/install/py_pubsub/lib/python3.8/site-packages/py_pubsub-0.0.0-py3.8.egg-info' (and everything under it)
Copying ../../build/py_pubsub/py_pubsub.egg-info to /home/olel/Projects/MagangBayu24-ROS2/tugas3/install/py_pubsub/lib/python3.8/site-packages/py_pubsub-0.0.0-py3.8.egg-info
running install_scripts
Installing talker script to /home/olel/Projects/MagangBayu24-ROS2/tugas3/install/py_pubsub/lib/py_pubsub
writing list of installed files to '/home/olel/Projects/MagangBayu24-ROS2/tugas3/build/py_pubsub/install.log'
