[0.655s] Invoking command in '/home/olel/Projects/MagangBayu24-ROS2/tugas3/src/py_pubsub': PYTHONPATH=/home/olel/Projects/MagangBayu24-ROS2/tugas3/build/py_pubsub/prefix_override:/home/olel/Projects/MagangBayu24-ROS2/tugas3/install/py_pubsub/lib/python3.8/site-packages:${PYTHONPATH} /usr/bin/python3 setup.py egg_info --egg-base ../../build/py_pubsub build --build-base /home/olel/Projects/MagangBayu24-ROS2/tugas3/build/py_pubsub/build install --record /home/olel/Projects/MagangBayu24-ROS2/tugas3/build/py_pubsub/install.log --install-scripts $base/lib/py_pubsub --single-version-externally-managed
[0.784s] running egg_info
[0.784s] writing ../../build/py_pubsub/py_pubsub.egg-info/PKG-INFO
[0.784s] writing dependency_links to ../../build/py_pubsub/py_pubsub.egg-info/dependency_links.txt
[0.784s] writing entry points to ../../build/py_pubsub/py_pubsub.egg-info/entry_points.txt
[0.784s] writing requirements to ../../build/py_pubsub/py_pubsub.egg-info/requires.txt
[0.784s] writing top-level names to ../../build/py_pubsub/py_pubsub.egg-info/top_level.txt
[0.805s] reading manifest file '../../build/py_pubsub/py_pubsub.egg-info/SOURCES.txt'
[0.805s] writing manifest file '../../build/py_pubsub/py_pubsub.egg-info/SOURCES.txt'
[0.805s] running build
[0.806s] running build_py
[0.806s] running install
[0.806s] running install_lib
[0.807s] byte-compiling /home/olel/Projects/MagangBayu24-ROS2/tugas3/install/py_pubsub/lib/python3.8/site-packages/py_pubsub/publisher_member_function.py to publisher_member_function.cpython-38.pyc
[0.807s] running install_data
[0.808s] Sorry: IndentationError: unexpected indent (publisher_member_function.py, line 2)
[0.808s] copying package.xml -> /home/olel/Projects/MagangBayu24-ROS2/tugas3/install/py_pubsub/share/py_pubsub
[0.808s] running install_egg_info
[0.809s] removing '/home/olel/Projects/MagangBayu24-ROS2/tugas3/install/py_pubsub/lib/python3.8/site-packages/py_pubsub-0.0.0-py3.8.egg-info' (and everything under it)
[0.809s] Copying ../../build/py_pubsub/py_pubsub.egg-info to /home/olel/Projects/MagangBayu24-ROS2/tugas3/install/py_pubsub/lib/python3.8/site-packages/py_pubsub-0.0.0-py3.8.egg-info
[0.810s] running install_scripts
[0.823s] Installing talker script to /home/olel/Projects/MagangBayu24-ROS2/tugas3/install/py_pubsub/lib/py_pubsub
[0.823s] writing list of installed files to '/home/olel/Projects/MagangBayu24-ROS2/tugas3/build/py_pubsub/install.log'
[0.845s] Invoked command in '/home/olel/Projects/MagangBayu24-ROS2/tugas3/src/py_pubsub' returned '0': PYTHONPATH=/home/olel/Projects/MagangBayu24-ROS2/tugas3/build/py_pubsub/prefix_override:/home/olel/Projects/MagangBayu24-ROS2/tugas3/install/py_pubsub/lib/python3.8/site-packages:${PYTHONPATH} /usr/bin/python3 setup.py egg_info --egg-base ../../build/py_pubsub build --build-base /home/olel/Projects/MagangBayu24-ROS2/tugas3/build/py_pubsub/build install --record /home/olel/Projects/MagangBayu24-ROS2/tugas3/build/py_pubsub/install.log --install-scripts $base/lib/py_pubsub --single-version-externally-managed
