[0.092s] Invoking command in '/home/olel/Projects/MagangBayu24-ROS2/tugas2/build/and_publisher': CMAKE_PREFIX_PATH=/opt/ros/foxy /usr/bin/cmake --build /home/olel/Projects/MagangBayu24-ROS2/tugas2/build/and_publisher -- -j16 -l16
[0.139s] [35m[1mScanning dependencies of target listener[0m
[0.153s] [ 33%] Built target talker2
[0.159s] [ 50%] [32mBuilding CXX object CMakeFiles/listener.dir/src/subscriber_main.cpp.o[0m
[0.160s] [ 83%] Built target talker1
[1.150s] [01m[K/home/olel/Projects/MagangBayu24-ROS2/tugas2/src/and_publisher/src/subscriber_main.cpp:[m[K In member function ‘[01m[Kvoid MinimalSubscriber::topic_callback(std_msgs::msg::String_<std::allocator<void> >::SharedPtr) const[m[K’:
[1.150s] [01m[K/home/olel/Projects/MagangBayu24-ROS2/tugas2/src/and_publisher/src/subscriber_main.cpp:39:50:[m[K [01;31m[Kerror: [m[Kpassing ‘[01m[Kconst string[m[K’ {aka ‘[01m[Kconst std::__cxx11::basic_string<char>[m[K’} as ‘[01m[Kthis[m[K’ argument discards qualifiers [[01;31m[K-fpermissive[m[K]
[1.150s]    39 |     if(received[10] == '1') {pub1 = (std::string)[01;31m[Kreceived[m[K;}
[1.150s]       |                                                  [01;31m[K^~~~~~~~[m[K
[1.150s] In file included from [01m[K/usr/include/c++/9/string:55[m[K,
[1.150s]                  from [01m[K/usr/include/c++/9/stdexcept:39[m[K,
[1.151s]                  from [01m[K/usr/include/c++/9/array:39[m[K,
[1.151s]                  from [01m[K/usr/include/c++/9/tuple:39[m[K,
[1.151s]                  from [01m[K/usr/include/c++/9/bits/unique_ptr.h:37[m[K,
[1.151s]                  from [01m[K/usr/include/c++/9/memory:80[m[K,
[1.151s]                  from [01m[K/home/olel/Projects/MagangBayu24-ROS2/tugas2/src/and_publisher/src/subscriber_main.cpp:15[m[K:
[1.151s] [01m[K/usr/include/c++/9/bits/basic_string.h:736:7:[m[K [01;36m[Knote: [m[K  in call to ‘[01m[Kstd::__cxx11::basic_string<_CharT, _Traits, _Alloc>& std::__cxx11::basic_string<_CharT, _Traits, _Alloc>::operator=(std::__cxx11::basic_string<_CharT, _Traits, _Alloc>&&) [with _CharT = char; _Traits = std::char_traits<char>; _Alloc = std::allocator<char>][m[K’
[1.151s]   736 |       [01;36m[Koperator[m[K=(basic_string&& __str)
[1.151s]       |       [01;36m[K^~~~~~~~[m[K
[1.151s] [01m[K/home/olel/Projects/MagangBayu24-ROS2/tugas2/src/and_publisher/src/subscriber_main.cpp:40:55:[m[K [01;31m[Kerror: [m[Kpassing ‘[01m[Kconst string[m[K’ {aka ‘[01m[Kconst std::__cxx11::basic_string<char>[m[K’} as ‘[01m[Kthis[m[K’ argument discards qualifiers [[01;31m[K-fpermissive[m[K]
[1.151s]    40 |     else if(received[10] == '2') {pub2 = (std::string)[01;31m[Kreceived[m[K;}
[1.151s]       |                                                       [01;31m[K^~~~~~~~[m[K
[1.151s] In file included from [01m[K/usr/include/c++/9/string:55[m[K,
[1.151s]                  from [01m[K/usr/include/c++/9/stdexcept:39[m[K,
[1.152s]                  from [01m[K/usr/include/c++/9/array:39[m[K,
[1.152s]                  from [01m[K/usr/include/c++/9/tuple:39[m[K,
[1.152s]                  from [01m[K/usr/include/c++/9/bits/unique_ptr.h:37[m[K,
[1.152s]                  from [01m[K/usr/include/c++/9/memory:80[m[K,
[1.152s]                  from [01m[K/home/olel/Projects/MagangBayu24-ROS2/tugas2/src/and_publisher/src/subscriber_main.cpp:15[m[K:
[1.152s] [01m[K/usr/include/c++/9/bits/basic_string.h:736:7:[m[K [01;36m[Knote: [m[K  in call to ‘[01m[Kstd::__cxx11::basic_string<_CharT, _Traits, _Alloc>& std::__cxx11::basic_string<_CharT, _Traits, _Alloc>::operator=(std::__cxx11::basic_string<_CharT, _Traits, _Alloc>&&) [with _CharT = char; _Traits = std::char_traits<char>; _Alloc = std::allocator<char>][m[K’
[1.152s]   736 |       [01;36m[Koperator[m[K=(basic_string&& __str)
[1.152s]       |       [01;36m[K^~~~~~~~[m[K
[2.398s] make[2]: *** [CMakeFiles/listener.dir/build.make:63: CMakeFiles/listener.dir/src/subscriber_main.cpp.o] Error 1
[2.398s] make[1]: *** [CMakeFiles/Makefile2:82: CMakeFiles/listener.dir/all] Error 2
[2.399s] make: *** [Makefile:141: all] Error 2
[2.402s] Invoked command in '/home/olel/Projects/MagangBayu24-ROS2/tugas2/build/and_publisher' returned '2': CMAKE_PREFIX_PATH=/opt/ros/foxy /usr/bin/cmake --build /home/olel/Projects/MagangBayu24-ROS2/tugas2/build/and_publisher -- -j16 -l16
