[0.123s] Invoking command in '/home/olel/Projects/MagangBayu24-ROS2/tugas2/build/and_publisher': CMAKE_PREFIX_PATH=/opt/ros/foxy /usr/bin/cmake --build /home/olel/Projects/MagangBayu24-ROS2/tugas2/build/and_publisher -- -j16 -l16
[0.176s] -- Found ament_cmake: 0.9.12 (/opt/ros/foxy/share/ament_cmake/cmake)
[0.205s] -- Using PYTHON_EXECUTABLE: /usr/bin/python3
[0.366s] -- Found rclcpp: 2.4.3 (/opt/ros/foxy/share/rclcpp/cmake)
[0.394s] -- Using all available rosidl_typesupport_c: rosidl_typesupport_fastrtps_c;rosidl_typesupport_introspection_c
[0.396s] -- Found rosidl_adapter: 1.3.1 (/opt/ros/foxy/share/rosidl_adapter/cmake)
[0.497s] -- Using all available rosidl_typesupport_cpp: rosidl_typesupport_fastrtps_cpp;rosidl_typesupport_introspection_cpp
[0.533s] -- Found rmw_implementation_cmake: 1.0.4 (/opt/ros/foxy/share/rmw_implementation_cmake/cmake)
[0.534s] -- Using RMW implementation 'rmw_fastrtps_cpp' as default
[0.637s] -- Found ament_lint_auto: 0.9.8 (/opt/ros/foxy/share/ament_lint_auto/cmake)
[0.688s] -- Added test 'copyright' to check source files copyright and LICENSE
[0.688s] -- Added test 'cppcheck' to perform static code analysis on C / C++ code
[0.689s] -- Configured cppcheck include dirs: 
[0.689s] -- Configured cppcheck exclude dirs and/or files: 
[0.689s] -- Added test 'cpplint' to check C / C++ code against the Google style
[0.689s] -- Configured cpplint exclude dirs and/or files: 
[0.690s] -- Added test 'lint_cmake' to check CMake code style
[0.690s] -- Added test 'uncrustify' to check C / C++ code style
[0.690s] -- Configured uncrustify additional arguments: 
[0.690s] -- Added test 'xmllint' to check XML markup files
[0.692s] -- Configuring done
[0.700s] -- Generating done
[0.702s] -- Build files have been written to: /home/olel/Projects/MagangBayu24-ROS2/tugas2/build/and_publisher
[0.733s] [35m[1mScanning dependencies of target talker1[0m
[0.747s] [ 16%] [32mBuilding CXX object CMakeFiles/talker2.dir/src/publisher2.cpp.o[0m
[0.748s] [ 50%] Built target listener
[0.753s] [ 66%] [32mBuilding CXX object CMakeFiles/talker1.dir/src/publisher1.cpp.o[0m
[0.822s] [01m[K/home/olel/Projects/MagangBayu24-ROS2/tugas2/src/and_publisher/src/publisher1.cpp:6:10:[m[K [01;31m[Kfatal error: [m[Ktime.hpp: No such file or directory
[0.823s]     6 | #include [01;31m[K"time.hpp"[m[K
[0.823s]       |          [01;31m[K^~~~~~~~~~[m[K
[0.823s] compilation terminated.
[0.827s] make[2]: *** [CMakeFiles/talker1.dir/build.make:63: CMakeFiles/talker1.dir/src/publisher1.cpp.o] Error 1
[0.827s] make[1]: *** [CMakeFiles/Makefile2:136: CMakeFiles/talker1.dir/all] Error 2
[0.827s] make[1]: *** Waiting for unfinished jobs....
[1.700s] [01m[K/home/olel/Projects/MagangBayu24-ROS2/tugas2/src/and_publisher/src/publisher2.cpp:[m[K In constructor ‘[01m[KMinimalPublisher::MinimalPublisher()[m[K’:
[1.701s] [01m[K/home/olel/Projects/MagangBayu24-ROS2/tugas2/src/and_publisher/src/publisher2.cpp:30:48:[m[K [01;31m[Kerror: [m[Kcannot convert ‘[01m[Krclcpp::Time[m[K’ to ‘[01m[Ksize_t[m[K’ {aka ‘[01m[Klong unsigned int[m[K’} in initialization
[1.701s]    30 |   : Node("minimal_publisher"), count_([01;31m[Kthis->now()[m[K)
[1.701s]       |                                       [01;31m[K~~~~~~~~~^~[m[K
[1.701s]       |                                                [01;31m[K|[m[K
[1.701s]       |                                                [01;31m[Krclcpp::Time[m[K
[2.496s] make[2]: *** [CMakeFiles/talker2.dir/build.make:63: CMakeFiles/talker2.dir/src/publisher2.cpp.o] Error 1
[2.496s] make[1]: *** [CMakeFiles/Makefile2:109: CMakeFiles/talker2.dir/all] Error 2
[2.497s] make: *** [Makefile:141: all] Error 2
[2.500s] Invoked command in '/home/olel/Projects/MagangBayu24-ROS2/tugas2/build/and_publisher' returned '2': CMAKE_PREFIX_PATH=/opt/ros/foxy /usr/bin/cmake --build /home/olel/Projects/MagangBayu24-ROS2/tugas2/build/and_publisher -- -j16 -l16
