[0.094s] Invoking command in '/home/olel/Projects/MagangBayu24-ROS2/tugas2/build/and_publisher': CMAKE_PREFIX_PATH=/opt/ros/foxy /usr/bin/cmake --build /home/olel/Projects/MagangBayu24-ROS2/tugas2/build/and_publisher -- -j16 -l16
[0.141s] [35m[1mScanning dependencies of target talker1[0m
[0.143s] [35m[1mScanning dependencies of target listener[0m
[0.162s] [ 16%] [32mBuilding CXX object CMakeFiles/talker1.dir/src/publisher1.cpp.o[0m
[0.163s] [ 33%] [32mBuilding CXX object CMakeFiles/listener.dir/src/subscriber_main.cpp.o[0m
[0.164s] [ 66%] Built target talker2
[1.249s] [01m[K/home/olel/Projects/MagangBayu24-ROS2/tugas2/src/and_publisher/src/subscriber_main.cpp:[m[K In member function ‘[01m[Kvoid MinimalSubscriber::topic_callback(std_msgs::msg::String_<std::allocator<void> >::SharedPtr) const[m[K’:
[1.249s] [01m[K/home/olel/Projects/MagangBayu24-ROS2/tugas2/src/and_publisher/src/subscriber_main.cpp:39:37:[m[K [01;31m[Kerror: [m[Kpassing ‘[01m[Kconst string[m[K’ {aka ‘[01m[Kconst std::__cxx11::basic_string<char>[m[K’} as ‘[01m[Kthis[m[K’ argument discards qualifiers [[01;31m[K-fpermissive[m[K]
[1.249s]    39 |     if(received[10] == '1') {pub1 = [01;31m[Kreceived[m[K;}
[1.249s]       |                                     [01;31m[K^~~~~~~~[m[K
[1.249s] In file included from [01m[K/usr/include/c++/9/string:55[m[K,
[1.249s]                  from [01m[K/usr/include/c++/9/stdexcept:39[m[K,
[1.250s]                  from [01m[K/usr/include/c++/9/array:39[m[K,
[1.250s]                  from [01m[K/usr/include/c++/9/tuple:39[m[K,
[1.250s]                  from [01m[K/usr/include/c++/9/bits/unique_ptr.h:37[m[K,
[1.250s]                  from [01m[K/usr/include/c++/9/memory:80[m[K,
[1.250s]                  from [01m[K/home/olel/Projects/MagangBayu24-ROS2/tugas2/src/and_publisher/src/subscriber_main.cpp:15[m[K:
[1.250s] [01m[K/usr/include/c++/9/bits/basic_string.h:669:7:[m[K [01;36m[Knote: [m[K  in call to ‘[01m[Kstd::__cxx11::basic_string<_CharT, _Traits, _Alloc>& std::__cxx11::basic_string<_CharT, _Traits, _Alloc>::operator=(const std::__cxx11::basic_string<_CharT, _Traits, _Alloc>&) [with _CharT = char; _Traits = std::char_traits<char>; _Alloc = std::allocator<char>][m[K’
[1.250s]   669 |       [01;36m[Koperator[m[K=(const basic_string& __str)
[1.250s]       |       [01;36m[K^~~~~~~~[m[K
[1.250s] [01m[K/home/olel/Projects/MagangBayu24-ROS2/tugas2/src/and_publisher/src/subscriber_main.cpp:40:42:[m[K [01;31m[Kerror: [m[Kpassing ‘[01m[Kconst string[m[K’ {aka ‘[01m[Kconst std::__cxx11::basic_string<char>[m[K’} as ‘[01m[Kthis[m[K’ argument discards qualifiers [[01;31m[K-fpermissive[m[K]
[1.250s]    40 |     else if(received[10] == '2') {pub2 = [01;31m[Kreceived[m[K;}
[1.250s]       |                                          [01;31m[K^~~~~~~~[m[K
[1.250s] In file included from [01m[K/usr/include/c++/9/string:55[m[K,
[1.251s]                  from [01m[K/usr/include/c++/9/stdexcept:39[m[K,
[1.251s]                  from [01m[K/usr/include/c++/9/array:39[m[K,
[1.251s]                  from [01m[K/usr/include/c++/9/tuple:39[m[K,
[1.251s]                  from [01m[K/usr/include/c++/9/bits/unique_ptr.h:37[m[K,
[1.251s]                  from [01m[K/usr/include/c++/9/memory:80[m[K,
[1.251s]                  from [01m[K/home/olel/Projects/MagangBayu24-ROS2/tugas2/src/and_publisher/src/subscriber_main.cpp:15[m[K:
[1.251s] [01m[K/usr/include/c++/9/bits/basic_string.h:669:7:[m[K [01;36m[Knote: [m[K  in call to ‘[01m[Kstd::__cxx11::basic_string<_CharT, _Traits, _Alloc>& std::__cxx11::basic_string<_CharT, _Traits, _Alloc>::operator=(const std::__cxx11::basic_string<_CharT, _Traits, _Alloc>&) [with _CharT = char; _Traits = std::char_traits<char>; _Alloc = std::allocator<char>][m[K’
[1.251s]   669 |       [01;36m[Koperator[m[K=(const basic_string& __str)
[1.251s]       |       [01;36m[K^~~~~~~~[m[K
[2.599s] make[2]: *** [CMakeFiles/listener.dir/build.make:63: CMakeFiles/listener.dir/src/subscriber_main.cpp.o] Error 1
[2.599s] make[1]: *** [CMakeFiles/Makefile2:82: CMakeFiles/listener.dir/all] Error 2
[2.599s] make[1]: *** Waiting for unfinished jobs....
[2.709s] [ 83%] [32m[1mLinking CXX executable talker1[0m
[2.834s] [ 83%] Built target talker1
[2.835s] make: *** [Makefile:141: all] Error 2
[2.838s] Invoked command in '/home/olel/Projects/MagangBayu24-ROS2/tugas2/build/and_publisher' returned '2': CMAKE_PREFIX_PATH=/opt/ros/foxy /usr/bin/cmake --build /home/olel/Projects/MagangBayu24-ROS2/tugas2/build/and_publisher -- -j16 -l16
