[100%] Built target pembuatSoal
[100%] Built target pengerjaSoal
-- Install configuration: ""
-- Up-to-date: /home/olel/Projects/MagangBayu24-ROS2/tugas1/install/mat_random/lib/mat_random/pembuatSoal
-- Up-to-date: /home/olel/Projects/MagangBayu24-ROS2/tugas1/install/mat_random/lib/mat_random/pengerjaSoal
-- Up-to-date: /home/olel/Projects/MagangBayu24-ROS2/tugas1/install/mat_random/share/ament_index/resource_index/package_run_dependencies/mat_random
-- Up-to-date: /home/olel/Projects/MagangBayu24-ROS2/tugas1/install/mat_random/share/ament_index/resource_index/parent_prefix_path/mat_random
-- Up-to-date: /home/olel/Projects/MagangBayu24-ROS2/tugas1/install/mat_random/share/mat_random/environment/ament_prefix_path.sh
-- Up-to-date: /home/olel/Projects/MagangBayu24-ROS2/tugas1/install/mat_random/share/mat_random/environment/ament_prefix_path.dsv
-- Up-to-date: /home/olel/Projects/MagangBayu24-ROS2/tugas1/install/mat_random/share/mat_random/environment/path.sh
-- Up-to-date: /home/olel/Projects/MagangBayu24-ROS2/tugas1/install/mat_random/share/mat_random/environment/path.dsv
-- Up-to-date: /home/olel/Projects/MagangBayu24-ROS2/tugas1/install/mat_random/share/mat_random/local_setup.bash
-- Up-to-date: /home/olel/Projects/MagangBayu24-ROS2/tugas1/install/mat_random/share/mat_random/local_setup.sh
-- Up-to-date: /home/olel/Projects/MagangBayu24-ROS2/tugas1/install/mat_random/share/mat_random/local_setup.zsh
-- Up-to-date: /home/olel/Projects/MagangBayu24-ROS2/tugas1/install/mat_random/share/mat_random/local_setup.dsv
-- Installing: /home/olel/Projects/MagangBayu24-ROS2/tugas1/install/mat_random/share/mat_random/package.dsv
-- Up-to-date: /home/olel/Projects/MagangBayu24-ROS2/tugas1/install/mat_random/share/ament_index/resource_index/packages/mat_random
-- Up-to-date: /home/olel/Projects/MagangBayu24-ROS2/tugas1/install/mat_random/share/mat_random/cmake/mat_randomConfig.cmake
-- Up-to-date: /home/olel/Projects/MagangBayu24-ROS2/tugas1/install/mat_random/share/mat_random/cmake/mat_randomConfig-version.cmake
-- Up-to-date: /home/olel/Projects/MagangBayu24-ROS2/tugas1/install/mat_random/share/mat_random/package.xml
