[0.060s] Invoking command in '/home/olel/Projects/MagangBayu24-ROS2/tugas1/build/mat_random': /usr/bin/cmake --build /home/olel/Projects/MagangBayu24-ROS2/tugas1/build/mat_random -- -j16 -l16
[0.131s] [100%] Built target pembuatSoal
[0.131s] [100%] Built target pengerjaSoal
[0.141s] Invoked command in '/home/olel/Projects/MagangBayu24-ROS2/tugas1/build/mat_random' returned '0': /usr/bin/cmake --build /home/olel/Projects/MagangBayu24-ROS2/tugas1/build/mat_random -- -j16 -l16
[0.180s] Invoking command in '/home/olel/Projects/MagangBayu24-ROS2/tugas1/build/mat_random': /usr/bin/cmake --install /home/olel/Projects/MagangBayu24-ROS2/tugas1/build/mat_random
[0.190s] -- Install configuration: ""
[0.191s] -- Up-to-date: /home/olel/Projects/MagangBayu24-ROS2/tugas1/install/mat_random/lib/mat_random/pembuatSoal
[0.191s] -- Up-to-date: /home/olel/Projects/MagangBayu24-ROS2/tugas1/install/mat_random/lib/mat_random/pengerjaSoal
[0.191s] -- Up-to-date: /home/olel/Projects/MagangBayu24-ROS2/tugas1/install/mat_random/share/ament_index/resource_index/package_run_dependencies/mat_random
[0.191s] -- Up-to-date: /home/olel/Projects/MagangBayu24-ROS2/tugas1/install/mat_random/share/ament_index/resource_index/parent_prefix_path/mat_random
[0.191s] -- Up-to-date: /home/olel/Projects/MagangBayu24-ROS2/tugas1/install/mat_random/share/mat_random/environment/ament_prefix_path.sh
[0.191s] -- Up-to-date: /home/olel/Projects/MagangBayu24-ROS2/tugas1/install/mat_random/share/mat_random/environment/ament_prefix_path.dsv
[0.191s] -- Up-to-date: /home/olel/Projects/MagangBayu24-ROS2/tugas1/install/mat_random/share/mat_random/environment/path.sh
[0.191s] -- Up-to-date: /home/olel/Projects/MagangBayu24-ROS2/tugas1/install/mat_random/share/mat_random/environment/path.dsv
[0.192s] -- Up-to-date: /home/olel/Projects/MagangBayu24-ROS2/tugas1/install/mat_random/share/mat_random/local_setup.bash
[0.192s] -- Up-to-date: /home/olel/Projects/MagangBayu24-ROS2/tugas1/install/mat_random/share/mat_random/local_setup.sh
[0.192s] -- Up-to-date: /home/olel/Projects/MagangBayu24-ROS2/tugas1/install/mat_random/share/mat_random/local_setup.zsh
[0.192s] -- Up-to-date: /home/olel/Projects/MagangBayu24-ROS2/tugas1/install/mat_random/share/mat_random/local_setup.dsv
[0.192s] -- Installing: /home/olel/Projects/MagangBayu24-ROS2/tugas1/install/mat_random/share/mat_random/package.dsv
[0.192s] -- Up-to-date: /home/olel/Projects/MagangBayu24-ROS2/tugas1/install/mat_random/share/ament_index/resource_index/packages/mat_random
[0.193s] -- Up-to-date: /home/olel/Projects/MagangBayu24-ROS2/tugas1/install/mat_random/share/mat_random/cmake/mat_randomConfig.cmake
[0.193s] -- Up-to-date: /home/olel/Projects/MagangBayu24-ROS2/tugas1/install/mat_random/share/mat_random/cmake/mat_randomConfig-version.cmake
[0.193s] -- Up-to-date: /home/olel/Projects/MagangBayu24-ROS2/tugas1/install/mat_random/share/mat_random/package.xml
[0.194s] Invoked command in '/home/olel/Projects/MagangBayu24-ROS2/tugas1/build/mat_random' returned '0': /usr/bin/cmake --install /home/olel/Projects/MagangBayu24-ROS2/tugas1/build/mat_random
