[0.103s] Invoking command in '/home/olel/Projects/MagangBayu24-ROS2/tugas1/build/mat_random': CMAKE_PREFIX_PATH=/opt/ros/foxy /usr/bin/cmake --build /home/olel/Projects/MagangBayu24-ROS2/tugas1/build/mat_random -- -j16 -l16
[0.168s] [ 50%] Built target pengerjaSoal
[0.175s] [100%] Built target pembuatSoal
[0.190s] Invoked command in '/home/olel/Projects/MagangBayu24-ROS2/tugas1/build/mat_random' returned '0': CMAKE_PREFIX_PATH=/opt/ros/foxy /usr/bin/cmake --build /home/olel/Projects/MagangBayu24-ROS2/tugas1/build/mat_random -- -j16 -l16
[0.236s] Invoking command in '/home/olel/Projects/MagangBayu24-ROS2/tugas1/build/mat_random': CMAKE_PREFIX_PATH=/opt/ros/foxy /usr/bin/cmake --install /home/olel/Projects/MagangBayu24-ROS2/tugas1/build/mat_random
[0.242s] -- Install configuration: ""
[0.242s] -- Up-to-date: /home/olel/Projects/MagangBayu24-ROS2/tugas1/install/mat_random/lib/mat_random/pembuatSoal
[0.242s] -- Up-to-date: /home/olel/Projects/MagangBayu24-ROS2/tugas1/install/mat_random/lib/mat_random/pengerjaSoal
[0.242s] -- Up-to-date: /home/olel/Projects/MagangBayu24-ROS2/tugas1/install/mat_random/share/ament_index/resource_index/package_run_dependencies/mat_random
[0.242s] -- Up-to-date: /home/olel/Projects/MagangBayu24-ROS2/tugas1/install/mat_random/share/ament_index/resource_index/parent_prefix_path/mat_random
[0.242s] -- Up-to-date: /home/olel/Projects/MagangBayu24-ROS2/tugas1/install/mat_random/share/mat_random/environment/ament_prefix_path.sh
[0.242s] -- Up-to-date: /home/olel/Projects/MagangBayu24-ROS2/tugas1/install/mat_random/share/mat_random/environment/ament_prefix_path.dsv
[0.243s] -- Up-to-date: /home/olel/Projects/MagangBayu24-ROS2/tugas1/install/mat_random/share/mat_random/environment/path.sh
[0.243s] -- Up-to-date: /home/olel/Projects/MagangBayu24-ROS2/tugas1/install/mat_random/share/mat_random/environment/path.dsv
[0.243s] -- Up-to-date: /home/olel/Projects/MagangBayu24-ROS2/tugas1/install/mat_random/share/mat_random/local_setup.bash
[0.243s] -- Up-to-date: /home/olel/Projects/MagangBayu24-ROS2/tugas1/install/mat_random/share/mat_random/local_setup.sh
[0.243s] -- Up-to-date: /home/olel/Projects/MagangBayu24-ROS2/tugas1/install/mat_random/share/mat_random/local_setup.zsh
[0.243s] -- Up-to-date: /home/olel/Projects/MagangBayu24-ROS2/tugas1/install/mat_random/share/mat_random/local_setup.dsv
[0.243s] -- Installing: /home/olel/Projects/MagangBayu24-ROS2/tugas1/install/mat_random/share/mat_random/package.dsv
[0.243s] -- Up-to-date: /home/olel/Projects/MagangBayu24-ROS2/tugas1/install/mat_random/share/ament_index/resource_index/packages/mat_random
[0.243s] -- Up-to-date: /home/olel/Projects/MagangBayu24-ROS2/tugas1/install/mat_random/share/mat_random/cmake/mat_randomConfig.cmake
[0.243s] -- Up-to-date: /home/olel/Projects/MagangBayu24-ROS2/tugas1/install/mat_random/share/mat_random/cmake/mat_randomConfig-version.cmake
[0.244s] -- Up-to-date: /home/olel/Projects/MagangBayu24-ROS2/tugas1/install/mat_random/share/mat_random/package.xml
[0.245s] Invoked command in '/home/olel/Projects/MagangBayu24-ROS2/tugas1/build/mat_random' returned '0': CMAKE_PREFIX_PATH=/opt/ros/foxy /usr/bin/cmake --install /home/olel/Projects/MagangBayu24-ROS2/tugas1/build/mat_random
