[0.094s] Invoking command in '/home/olel/Projects/MagangBayu24-ROS2/tugas2/build/and_publisher': CMAKE_PREFIX_PATH=/opt/ros/foxy /usr/bin/cmake --build /home/olel/Projects/MagangBayu24-ROS2/tugas2/build/and_publisher -- -j16 -l16
[0.140s] [35m[1mScanning dependencies of target listener[0m
[0.158s] [ 33%] Built target talker2
[0.158s] [ 66%] Built target talker1
[0.163s] [ 83%] [32mBuilding CXX object CMakeFiles/listener.dir/src/subscriber_main.cpp.o[0m
[1.189s] [01m[K/home/olel/Projects/MagangBayu24-ROS2/tugas2/src/and_publisher/src/subscriber_main.cpp:[m[K In member function ‘[01m[Kvoid MinimalSubscriber::topic_callback(std_msgs::msg::String_<std::allocator<void> >::SharedPtr) const[m[K’:
[1.190s] [01m[K/home/olel/Projects/MagangBayu24-ROS2/tugas2/src/and_publisher/src/subscriber_main.cpp:38:47:[m[K [01;31m[Kerror: [m[Kno matching function for call to ‘[01m[Kto_string(std_msgs::msg::String_<std::allocator<void> >::_data_type&)[m[K’
[1.190s]    38 |     std::string received = to_string(msg->data[01;31m[K)[m[K;
[1.190s]       |                                               [01;31m[K^[m[K
[1.190s] In file included from [01m[K/usr/include/c++/9/string:55[m[K,
[1.190s]                  from [01m[K/usr/include/c++/9/stdexcept:39[m[K,
[1.190s]                  from [01m[K/usr/include/c++/9/array:39[m[K,
[1.190s]                  from [01m[K/usr/include/c++/9/tuple:39[m[K,
[1.190s]                  from [01m[K/usr/include/c++/9/bits/unique_ptr.h:37[m[K,
[1.190s]                  from [01m[K/usr/include/c++/9/memory:80[m[K,
[1.191s]                  from [01m[K/home/olel/Projects/MagangBayu24-ROS2/tugas2/src/and_publisher/src/subscriber_main.cpp:15[m[K:
[1.191s] [01m[K/usr/include/c++/9/bits/basic_string.h:6549:3:[m[K [01;36m[Knote: [m[Kcandidate: ‘[01m[Kstd::string std::__cxx11::to_string(int)[m[K’
[1.191s]  6549 |   [01;36m[Kto_string[m[K(int __val)
[1.191s]       |   [01;36m[K^~~~~~~~~[m[K
[1.191s] [01m[K/usr/include/c++/9/bits/basic_string.h:6549:17:[m[K [01;36m[Knote: [m[K  no known conversion for argument 1 from ‘[01m[Kstd_msgs::msg::String_<std::allocator<void> >::_data_type[m[K’ {aka ‘[01m[Kstd::__cxx11::basic_string<char>[m[K’} to ‘[01m[Kint[m[K’
[1.191s]  6549 |   to_string([01;36m[Kint __val[m[K)
[1.191s]       |             [01;36m[K~~~~^~~~~[m[K
[1.191s] [01m[K/usr/include/c++/9/bits/basic_string.h:6554:3:[m[K [01;36m[Knote: [m[Kcandidate: ‘[01m[Kstd::string std::__cxx11::to_string(unsigned int)[m[K’
[1.191s]  6554 |   [01;36m[Kto_string[m[K(unsigned __val)
[1.191s]       |   [01;36m[K^~~~~~~~~[m[K
[1.191s] [01m[K/usr/include/c++/9/bits/basic_string.h:6554:22:[m[K [01;36m[Knote: [m[K  no known conversion for argument 1 from ‘[01m[Kstd_msgs::msg::String_<std::allocator<void> >::_data_type[m[K’ {aka ‘[01m[Kstd::__cxx11::basic_string<char>[m[K’} to ‘[01m[Kunsigned int[m[K’
[1.191s]  6554 |   to_string([01;36m[Kunsigned __val[m[K)
[1.191s]       |             [01;36m[K~~~~~~~~~^~~~~[m[K
[1.192s] [01m[K/usr/include/c++/9/bits/basic_string.h:6560:3:[m[K [01;36m[Knote: [m[Kcandidate: ‘[01m[Kstd::string std::__cxx11::to_string(long int)[m[K’
[1.192s]  6560 |   [01;36m[Kto_string[m[K(long __val)
[1.192s]       |   [01;36m[K^~~~~~~~~[m[K
[1.192s] [01m[K/usr/include/c++/9/bits/basic_string.h:6560:18:[m[K [01;36m[Knote: [m[K  no known conversion for argument 1 from ‘[01m[Kstd_msgs::msg::String_<std::allocator<void> >::_data_type[m[K’ {aka ‘[01m[Kstd::__cxx11::basic_string<char>[m[K’} to ‘[01m[Klong int[m[K’
[1.192s]  6560 |   to_string([01;36m[Klong __val[m[K)
[1.192s]       |             [01;36m[K~~~~~^~~~~[m[K
[1.192s] [01m[K/usr/include/c++/9/bits/basic_string.h:6565:3:[m[K [01;36m[Knote: [m[Kcandidate: ‘[01m[Kstd::string std::__cxx11::to_string(long unsigned int)[m[K’
[1.192s]  6565 |   [01;36m[Kto_string[m[K(unsigned long __val)
[1.192s]       |   [01;36m[K^~~~~~~~~[m[K
[1.192s] [01m[K/usr/include/c++/9/bits/basic_string.h:6565:27:[m[K [01;36m[Knote: [m[K  no known conversion for argument 1 from ‘[01m[Kstd_msgs::msg::String_<std::allocator<void> >::_data_type[m[K’ {aka ‘[01m[Kstd::__cxx11::basic_string<char>[m[K’} to ‘[01m[Klong unsigned int[m[K’
[1.192s]  6565 |   to_string([01;36m[Kunsigned long __val[m[K)
[1.192s]       |             [01;36m[K~~~~~~~~~~~~~~^~~~~[m[K
[1.193s] [01m[K/usr/include/c++/9/bits/basic_string.h:6571:3:[m[K [01;36m[Knote: [m[Kcandidate: ‘[01m[Kstd::string std::__cxx11::to_string(long long int)[m[K’
[1.193s]  6571 |   [01;36m[Kto_string[m[K(long long __val)
[1.193s]       |   [01;36m[K^~~~~~~~~[m[K
[1.193s] [01m[K/usr/include/c++/9/bits/basic_string.h:6571:23:[m[K [01;36m[Knote: [m[K  no known conversion for argument 1 from ‘[01m[Kstd_msgs::msg::String_<std::allocator<void> >::_data_type[m[K’ {aka ‘[01m[Kstd::__cxx11::basic_string<char>[m[K’} to ‘[01m[Klong long int[m[K’
[1.193s]  6571 |   to_string([01;36m[Klong long __val[m[K)
[1.193s]       |             [01;36m[K~~~~~~~~~~^~~~~[m[K
[1.193s] [01m[K/usr/include/c++/9/bits/basic_string.h:6577:3:[m[K [01;36m[Knote: [m[Kcandidate: ‘[01m[Kstd::string std::__cxx11::to_string(long long unsigned int)[m[K’
[1.193s]  6577 |   [01;36m[Kto_string[m[K(unsigned long long __val)
[1.193s]       |   [01;36m[K^~~~~~~~~[m[K
[1.193s] [01m[K/usr/include/c++/9/bits/basic_string.h:6577:32:[m[K [01;36m[Knote: [m[K  no known conversion for argument 1 from ‘[01m[Kstd_msgs::msg::String_<std::allocator<void> >::_data_type[m[K’ {aka ‘[01m[Kstd::__cxx11::basic_string<char>[m[K’} to ‘[01m[Klong long unsigned int[m[K’
[1.193s]  6577 |   to_string([01;36m[Kunsigned long long __val[m[K)
[1.193s]       |             [01;36m[K~~~~~~~~~~~~~~~~~~~^~~~~[m[K
[1.193s] [01m[K/usr/include/c++/9/bits/basic_string.h:6583:3:[m[K [01;36m[Knote: [m[Kcandidate: ‘[01m[Kstd::string std::__cxx11::to_string(float)[m[K’
[1.194s]  6583 |   [01;36m[Kto_string[m[K(float __val)
[1.194s]       |   [01;36m[K^~~~~~~~~[m[K
[1.194s] [01m[K/usr/include/c++/9/bits/basic_string.h:6583:19:[m[K [01;36m[Knote: [m[K  no known conversion for argument 1 from ‘[01m[Kstd_msgs::msg::String_<std::allocator<void> >::_data_type[m[K’ {aka ‘[01m[Kstd::__cxx11::basic_string<char>[m[K’} to ‘[01m[Kfloat[m[K’
[1.194s]  6583 |   to_string([01;36m[Kfloat __val[m[K)
[1.194s]       |             [01;36m[K~~~~~~^~~~~[m[K
[1.194s] [01m[K/usr/include/c++/9/bits/basic_string.h:6592:3:[m[K [01;36m[Knote: [m[Kcandidate: ‘[01m[Kstd::string std::__cxx11::to_string(double)[m[K’
[1.194s]  6592 |   [01;36m[Kto_string[m[K(double __val)
[1.194s]       |   [01;36m[K^~~~~~~~~[m[K
[1.194s] [01m[K/usr/include/c++/9/bits/basic_string.h:6592:20:[m[K [01;36m[Knote: [m[K  no known conversion for argument 1 from ‘[01m[Kstd_msgs::msg::String_<std::allocator<void> >::_data_type[m[K’ {aka ‘[01m[Kstd::__cxx11::basic_string<char>[m[K’} to ‘[01m[Kdouble[m[K’
[1.194s]  6592 |   to_string([01;36m[Kdouble __val[m[K)
[1.194s]       |             [01;36m[K~~~~~~~^~~~~[m[K
[1.194s] [01m[K/usr/include/c++/9/bits/basic_string.h:6601:3:[m[K [01;36m[Knote: [m[Kcandidate: ‘[01m[Kstd::string std::__cxx11::to_string(long double)[m[K’
[1.194s]  6601 |   [01;36m[Kto_string[m[K(long double __val)
[1.195s]       |   [01;36m[K^~~~~~~~~[m[K
[1.195s] [01m[K/usr/include/c++/9/bits/basic_string.h:6601:25:[m[K [01;36m[Knote: [m[K  no known conversion for argument 1 from ‘[01m[Kstd_msgs::msg::String_<std::allocator<void> >::_data_type[m[K’ {aka ‘[01m[Kstd::__cxx11::basic_string<char>[m[K’} to ‘[01m[Klong double[m[K’
[1.195s]  6601 |   to_string([01;36m[Klong double __val[m[K)
[1.195s]       |             [01;36m[K~~~~~~~~~~~~^~~~~[m[K
[1.195s] In file included from [01m[K/opt/ros/foxy/include/rclcpp/node_interfaces/node_parameters_interface.hpp:28[m[K,
[1.195s]                  from [01m[K/opt/ros/foxy/include/rclcpp/node.hpp:51[m[K,
[1.195s]                  from [01m[K/opt/ros/foxy/include/rclcpp/executors/single_threaded_executor.hpp:28[m[K,
[1.195s]                  from [01m[K/opt/ros/foxy/include/rclcpp/executors.hpp:22[m[K,
[1.195s]                  from [01m[K/opt/ros/foxy/include/rclcpp/rclcpp.hpp:146[m[K,
[1.195s]                  from [01m[K/home/olel/Projects/MagangBayu24-ROS2/tugas2/src/and_publisher/src/subscriber_main.cpp:18[m[K:
[1.195s] [01m[K/opt/ros/foxy/include/rclcpp/parameter.hpp:287:1:[m[K [01;36m[Knote: [m[Kcandidate: ‘[01m[Kstd::string std::to_string(const rclcpp::Parameter&)[m[K’
[1.196s]   287 | [01;36m[Kto_string[m[K(const rclcpp::Parameter & param);
[1.196s]       | [01;36m[K^~~~~~~~~[m[K
[1.196s] [01m[K/opt/ros/foxy/include/rclcpp/parameter.hpp:287:37:[m[K [01;36m[Knote: [m[K  no known conversion for argument 1 from ‘[01m[Kstd_msgs::msg::String_<std::allocator<void> >::_data_type[m[K’ {aka ‘[01m[Kstd::__cxx11::basic_string<char>[m[K’} to ‘[01m[Kconst rclcpp::Parameter&[m[K’
[1.196s]   287 | to_string([01;36m[Kconst rclcpp::Parameter & param[m[K);
[1.196s]       |           [01;36m[K~~~~~~~~~~~~~~~~~~~~~~~~~~^~~~~[m[K
[1.196s] [01m[K/opt/ros/foxy/include/rclcpp/parameter.hpp:292:1:[m[K [01;36m[Knote: [m[Kcandidate: ‘[01m[Kstd::string std::to_string(const std::vector<rclcpp::Parameter>&)[m[K’
[1.196s]   292 | [01;36m[Kto_string[m[K(const std::vector<rclcpp::Parameter> & parameters);
[1.196s]       | [01;36m[K^~~~~~~~~[m[K
[1.196s] [01m[K/opt/ros/foxy/include/rclcpp/parameter.hpp:292:50:[m[K [01;36m[Knote: [m[K  no known conversion for argument 1 from ‘[01m[Kstd_msgs::msg::String_<std::allocator<void> >::_data_type[m[K’ {aka ‘[01m[Kstd::__cxx11::basic_string<char>[m[K’} to ‘[01m[Kconst std::vector<rclcpp::Parameter>&[m[K’
[1.196s]   292 | to_string([01;36m[Kconst std::vector<rclcpp::Parameter> & parameters[m[K);
[1.196s]       |           [01;36m[K~~~~~~~~~~~~~~~~~~~~~~~~~~~~~~~~~~~~~~~^~~~~~~~~~[m[K
[1.196s] [01m[K/home/olel/Projects/MagangBayu24-ROS2/tugas2/src/and_publisher/src/subscriber_main.cpp:39:37:[m[K [01;31m[Kerror: [m[Kpassing ‘[01m[Kconst string[m[K’ {aka ‘[01m[Kconst std::__cxx11::basic_string<char>[m[K’} as ‘[01m[Kthis[m[K’ argument discards qualifiers [[01;31m[K-fpermissive[m[K]
[1.196s]    39 |     if(received[10] == '1') {pub1 = [01;31m[Kreceived[m[K;}
[1.197s]       |                                     [01;31m[K^~~~~~~~[m[K
[1.197s] In file included from [01m[K/usr/include/c++/9/string:55[m[K,
[1.197s]                  from [01m[K/usr/include/c++/9/stdexcept:39[m[K,
[1.197s]                  from [01m[K/usr/include/c++/9/array:39[m[K,
[1.197s]                  from [01m[K/usr/include/c++/9/tuple:39[m[K,
[1.197s]                  from [01m[K/usr/include/c++/9/bits/unique_ptr.h:37[m[K,
[1.197s]                  from [01m[K/usr/include/c++/9/memory:80[m[K,
[1.197s]                  from [01m[K/home/olel/Projects/MagangBayu24-ROS2/tugas2/src/and_publisher/src/subscriber_main.cpp:15[m[K:
[1.197s] [01m[K/usr/include/c++/9/bits/basic_string.h:669:7:[m[K [01;36m[Knote: [m[K  in call to ‘[01m[Kstd::__cxx11::basic_string<_CharT, _Traits, _Alloc>& std::__cxx11::basic_string<_CharT, _Traits, _Alloc>::operator=(const std::__cxx11::basic_string<_CharT, _Traits, _Alloc>&) [with _CharT = char; _Traits = std::char_traits<char>; _Alloc = std::allocator<char>][m[K’
[1.197s]   669 |       [01;36m[Koperator[m[K=(const basic_string& __str)
[1.197s]       |       [01;36m[K^~~~~~~~[m[K
[1.197s] [01m[K/home/olel/Projects/MagangBayu24-ROS2/tugas2/src/and_publisher/src/subscriber_main.cpp:40:42:[m[K [01;31m[Kerror: [m[Kpassing ‘[01m[Kconst string[m[K’ {aka ‘[01m[Kconst std::__cxx11::basic_string<char>[m[K’} as ‘[01m[Kthis[m[K’ argument discards qualifiers [[01;31m[K-fpermissive[m[K]
[1.197s]    40 |     else if(received[10] == '2') {pub2 = [01;31m[Kreceived[m[K;}
[1.197s]       |                                          [01;31m[K^~~~~~~~[m[K
[1.198s] In file included from [01m[K/usr/include/c++/9/string:55[m[K,
[1.198s]                  from [01m[K/usr/include/c++/9/stdexcept:39[m[K,
[1.198s]                  from [01m[K/usr/include/c++/9/array:39[m[K,
[1.198s]                  from [01m[K/usr/include/c++/9/tuple:39[m[K,
[1.198s]                  from [01m[K/usr/include/c++/9/bits/unique_ptr.h:37[m[K,
[1.198s]                  from [01m[K/usr/include/c++/9/memory:80[m[K,
[1.198s]                  from [01m[K/home/olel/Projects/MagangBayu24-ROS2/tugas2/src/and_publisher/src/subscriber_main.cpp:15[m[K:
[1.198s] [01m[K/usr/include/c++/9/bits/basic_string.h:669:7:[m[K [01;36m[Knote: [m[K  in call to ‘[01m[Kstd::__cxx11::basic_string<_CharT, _Traits, _Alloc>& std::__cxx11::basic_string<_CharT, _Traits, _Alloc>::operator=(const std::__cxx11::basic_string<_CharT, _Traits, _Alloc>&) [with _CharT = char; _Traits = std::char_traits<char>; _Alloc = std::allocator<char>][m[K’
[1.198s]   669 |       [01;36m[Koperator[m[K=(const basic_string& __str)
[1.198s]       |       [01;36m[K^~~~~~~~[m[K
[2.459s] make[2]: *** [CMakeFiles/listener.dir/build.make:63: CMakeFiles/listener.dir/src/subscriber_main.cpp.o] Error 1
[2.459s] make[1]: *** [CMakeFiles/Makefile2:82: CMakeFiles/listener.dir/all] Error 2
[2.459s] make: *** [Makefile:141: all] Error 2
[2.462s] Invoked command in '/home/olel/Projects/MagangBayu24-ROS2/tugas2/build/and_publisher' returned '2': CMAKE_PREFIX_PATH=/opt/ros/foxy /usr/bin/cmake --build /home/olel/Projects/MagangBayu24-ROS2/tugas2/build/and_publisher -- -j16 -l16
