[1.296s] DEBUG:colcon:Command line arguments: ['/usr/bin/colcon', 'build']
[1.296s] DEBUG:colcon:Parsed command line arguments: Namespace(allow_overriding=[], ament_cmake_args=None, base_paths=['.'], build_base='build', catkin_cmake_args=None, catkin_skip_building_tests=False, cmake_args=None, cmake_clean_cache=False, cmake_clean_first=False, cmake_force_configure=False, cmake_target=None, cmake_target_skip_unavailable=False, continue_on_error=False, event_handlers=None, executor='parallel', ignore_user_meta=False, install_base='install', log_base=None, log_level=None, main=<bound method BuildVerb.main of <colcon_core.verb.build.BuildVerb object at 0x7ff784ab68b0>>, merge_install=False, metas=['./colcon.meta'], packages_above=None, packages_above_and_dependencies=None, packages_above_depth=None, packages_end=None, packages_ignore=None, packages_ignore_regex=None, packages_select=None, packages_select_build_failed=False, packages_select_by_dep=None, packages_select_regex=None, packages_select_test_failures=False, packages_skip=None, packages_skip_build_finished=False, packages_skip_by_dep=None, packages_skip_regex=None, packages_skip_test_passed=False, packages_skip_up_to=None, packages_start=None, packages_up_to=None, packages_up_to_regex=None, parallel_workers=16, paths=None, symlink_install=False, test_result_base=None, verb_extension=<colcon_core.verb.build.BuildVerb object at 0x7ff784ab68b0>, verb_name='build', verb_parser=<colcon_defaults.argument_parser.defaults.DefaultArgumentsDecorator object at 0x7ff78466ff70>)
[1.352s] Level 1:colcon.colcon_core.package_discovery:discover_packages(colcon_meta) check parameters
[1.353s] Level 1:colcon.colcon_core.package_discovery:discover_packages(recursive) check parameters
[1.353s] Level 1:colcon.colcon_core.package_discovery:discover_packages(ignore) check parameters
[1.353s] Level 1:colcon.colcon_core.package_discovery:discover_packages(path) check parameters
[1.353s] Level 1:colcon.colcon_core.package_discovery:discover_packages(colcon_meta) discover
[1.353s] Level 1:colcon.colcon_core.package_discovery:discover_packages(recursive) discover
[1.353s] INFO:colcon.colcon_core.package_discovery:Crawling recursively for packages in '/home/olel/Projects/MagangBayu24-ROS2/tugas1'
[1.353s] Level 1:colcon.colcon_core.package_identification:_identify(.) by extensions ['ignore', 'ignore_ament_install']
[1.353s] Level 1:colcon.colcon_core.package_identification:_identify(.) by extension 'ignore'
[1.353s] Level 1:colcon.colcon_core.package_identification:_identify(.) by extension 'ignore_ament_install'
[1.353s] Level 1:colcon.colcon_core.package_identification:_identify(.) by extensions ['colcon_pkg']
[1.353s] Level 1:colcon.colcon_core.package_identification:_identify(.) by extension 'colcon_pkg'
[1.353s] Level 1:colcon.colcon_core.package_identification:_identify(.) by extensions ['colcon_meta']
[1.353s] Level 1:colcon.colcon_core.package_identification:_identify(.) by extension 'colcon_meta'
[1.353s] Level 1:colcon.colcon_core.package_identification:_identify(.) by extensions ['ros']
[1.353s] Level 1:colcon.colcon_core.package_identification:_identify(.) by extension 'ros'
[1.360s] Level 1:colcon.colcon_core.package_identification:_identify(.) by extensions ['cmake', 'python']
[1.360s] Level 1:colcon.colcon_core.package_identification:_identify(.) by extension 'cmake'
[1.360s] Level 1:colcon.colcon_core.package_identification:_identify(.) by extension 'python'
[1.360s] Level 1:colcon.colcon_core.package_identification:_identify(.) by extensions ['python_setup_py']
[1.360s] Level 1:colcon.colcon_core.package_identification:_identify(.) by extension 'python_setup_py'
[1.360s] Level 1:colcon.colcon_core.package_identification:_identify(build) by extensions ['ignore', 'ignore_ament_install']
[1.360s] Level 1:colcon.colcon_core.package_identification:_identify(build) by extension 'ignore'
[1.360s] Level 1:colcon.colcon_core.package_identification:_identify(build) ignored
[1.360s] Level 1:colcon.colcon_core.package_identification:_identify(install) by extensions ['ignore', 'ignore_ament_install']
[1.360s] Level 1:colcon.colcon_core.package_identification:_identify(install) by extension 'ignore'
[1.360s] Level 1:colcon.colcon_core.package_identification:_identify(install) ignored
[1.361s] Level 1:colcon.colcon_core.package_identification:_identify(log) by extensions ['ignore', 'ignore_ament_install']
[1.361s] Level 1:colcon.colcon_core.package_identification:_identify(log) by extension 'ignore'
[1.361s] Level 1:colcon.colcon_core.package_identification:_identify(log) ignored
[1.361s] Level 1:colcon.colcon_core.package_identification:_identify(src) by extensions ['ignore', 'ignore_ament_install']
[1.361s] Level 1:colcon.colcon_core.package_identification:_identify(src) by extension 'ignore'
[1.361s] Level 1:colcon.colcon_core.package_identification:_identify(src) by extension 'ignore_ament_install'
[1.361s] Level 1:colcon.colcon_core.package_identification:_identify(src) by extensions ['colcon_pkg']
[1.361s] Level 1:colcon.colcon_core.package_identification:_identify(src) by extension 'colcon_pkg'
[1.361s] Level 1:colcon.colcon_core.package_identification:_identify(src) by extensions ['colcon_meta']
[1.361s] Level 1:colcon.colcon_core.package_identification:_identify(src) by extension 'colcon_meta'
[1.361s] Level 1:colcon.colcon_core.package_identification:_identify(src) by extensions ['ros']
[1.361s] Level 1:colcon.colcon_core.package_identification:_identify(src) by extension 'ros'
[1.361s] Level 1:colcon.colcon_core.package_identification:_identify(src) by extensions ['cmake', 'python']
[1.361s] Level 1:colcon.colcon_core.package_identification:_identify(src) by extension 'cmake'
[1.361s] Level 1:colcon.colcon_core.package_identification:_identify(src) by extension 'python'
[1.361s] Level 1:colcon.colcon_core.package_identification:_identify(src) by extensions ['python_setup_py']
[1.361s] Level 1:colcon.colcon_core.package_identification:_identify(src) by extension 'python_setup_py'
[1.361s] Level 1:colcon.colcon_core.package_identification:_identify(src/mat_random) by extensions ['ignore', 'ignore_ament_install']
[1.361s] Level 1:colcon.colcon_core.package_identification:_identify(src/mat_random) by extension 'ignore'
[1.361s] Level 1:colcon.colcon_core.package_identification:_identify(src/mat_random) by extension 'ignore_ament_install'
[1.361s] Level 1:colcon.colcon_core.package_identification:_identify(src/mat_random) by extensions ['colcon_pkg']
[1.361s] Level 1:colcon.colcon_core.package_identification:_identify(src/mat_random) by extension 'colcon_pkg'
[1.361s] Level 1:colcon.colcon_core.package_identification:_identify(src/mat_random) by extensions ['colcon_meta']
[1.361s] Level 1:colcon.colcon_core.package_identification:_identify(src/mat_random) by extension 'colcon_meta'
[1.361s] Level 1:colcon.colcon_core.package_identification:_identify(src/mat_random) by extensions ['ros']
[1.361s] Level 1:colcon.colcon_core.package_identification:_identify(src/mat_random) by extension 'ros'
[1.363s] DEBUG:colcon.colcon_core.package_identification:Package 'src/mat_random' with type 'ros.ament_cmake' and name 'mat_random'
[1.363s] Level 1:colcon.colcon_core.package_discovery:discover_packages(recursive) using defaults
[1.363s] Level 1:colcon.colcon_core.package_discovery:discover_packages(ignore) discover
[1.363s] Level 1:colcon.colcon_core.package_discovery:discover_packages(ignore) using defaults
[1.363s] Level 1:colcon.colcon_core.package_discovery:discover_packages(path) discover
[1.363s] Level 1:colcon.colcon_core.package_discovery:discover_packages(path) using defaults
[1.498s] Level 1:colcon.colcon_core.package_discovery:discover_packages(prefix_path) check parameters
[1.498s] Level 1:colcon.colcon_core.package_discovery:discover_packages(prefix_path) discover
[1.545s] DEBUG:colcon.colcon_installed_package_information.package_discovery:Found 256 installed packages in /opt/ros/foxy
[1.546s] Level 1:colcon.colcon_core.package_discovery:discover_packages(prefix_path) using defaults
[1.642s] Level 5:colcon.colcon_core.verb:set package 'mat_random' build argument 'cmake_args' from command line to 'None'
[1.642s] Level 5:colcon.colcon_core.verb:set package 'mat_random' build argument 'cmake_target' from command line to 'None'
[1.642s] Level 5:colcon.colcon_core.verb:set package 'mat_random' build argument 'cmake_target_skip_unavailable' from command line to 'False'
[1.642s] Level 5:colcon.colcon_core.verb:set package 'mat_random' build argument 'cmake_clean_cache' from command line to 'False'
[1.642s] Level 5:colcon.colcon_core.verb:set package 'mat_random' build argument 'cmake_clean_first' from command line to 'False'
[1.642s] Level 5:colcon.colcon_core.verb:set package 'mat_random' build argument 'cmake_force_configure' from command line to 'False'
[1.642s] Level 5:colcon.colcon_core.verb:set package 'mat_random' build argument 'ament_cmake_args' from command line to 'None'
[1.642s] Level 5:colcon.colcon_core.verb:set package 'mat_random' build argument 'catkin_cmake_args' from command line to 'None'
[1.642s] Level 5:colcon.colcon_core.verb:set package 'mat_random' build argument 'catkin_skip_building_tests' from command line to 'False'
[1.642s] DEBUG:colcon.colcon_core.verb:Building package 'mat_random' with the following arguments: {'ament_cmake_args': None, 'build_base': '/home/olel/Projects/MagangBayu24-ROS2/tugas1/build/mat_random', 'catkin_cmake_args': None, 'catkin_skip_building_tests': False, 'cmake_args': None, 'cmake_clean_cache': False, 'cmake_clean_first': False, 'cmake_force_configure': False, 'cmake_target': None, 'cmake_target_skip_unavailable': False, 'install_base': '/home/olel/Projects/MagangBayu24-ROS2/tugas1/install/mat_random', 'merge_install': False, 'path': '/home/olel/Projects/MagangBayu24-ROS2/tugas1/src/mat_random', 'symlink_install': False, 'test_result_base': None}
[1.664s] INFO:colcon.colcon_core.executor:Executing jobs using 'parallel' executor
[1.687s] DEBUG:colcon.colcon_parallel_executor.executor.parallel:run_until_complete
[1.687s] INFO:colcon.colcon_ros.task.ament_cmake.build:Building ROS package in '/home/olel/Projects/MagangBayu24-ROS2/tugas1/src/mat_random' with build type 'ament_cmake'
[1.688s] INFO:colcon.colcon_cmake.task.cmake.build:Building CMake package in '/home/olel/Projects/MagangBayu24-ROS2/tugas1/src/mat_random'
[1.721s] INFO:colcon.colcon_core.plugin_system:Skipping extension 'colcon_core.shell.bat': Not used on non-Windows systems
[1.722s] INFO:colcon.colcon_core.shell:Skip shell extension 'powershell' for command environment: Not usable outside of PowerShell
[1.722s] DEBUG:colcon.colcon_core.shell:Skip shell extension 'dsv' for command environment
[1.792s] DEBUG:colcon.colcon_core.event_handler.log_command:Invoking command in '/home/olel/Projects/MagangBayu24-ROS2/tugas1/build/mat_random': CMAKE_PREFIX_PATH=/opt/ros/foxy /usr/bin/cmake --build /home/olel/Projects/MagangBayu24-ROS2/tugas1/build/mat_random -- -j16 -l16
[1.878s] DEBUG:colcon.colcon_core.event_handler.log_command:Invoked command in '/home/olel/Projects/MagangBayu24-ROS2/tugas1/build/mat_random' returned '0': CMAKE_PREFIX_PATH=/opt/ros/foxy /usr/bin/cmake --build /home/olel/Projects/MagangBayu24-ROS2/tugas1/build/mat_random -- -j16 -l16
[1.924s] DEBUG:colcon.colcon_core.event_handler.log_command:Invoking command in '/home/olel/Projects/MagangBayu24-ROS2/tugas1/build/mat_random': CMAKE_PREFIX_PATH=/opt/ros/foxy /usr/bin/cmake --install /home/olel/Projects/MagangBayu24-ROS2/tugas1/build/mat_random
[1.932s] Level 1:colcon.colcon_core.environment:create_environment_scripts_only(mat_random)
[1.933s] DEBUG:colcon.colcon_core.event_handler.log_command:Invoked command in '/home/olel/Projects/MagangBayu24-ROS2/tugas1/build/mat_random' returned '0': CMAKE_PREFIX_PATH=/opt/ros/foxy /usr/bin/cmake --install /home/olel/Projects/MagangBayu24-ROS2/tugas1/build/mat_random
[1.957s] Level 1:colcon.colcon_core.environment:checking '/home/olel/Projects/MagangBayu24-ROS2/tugas1/install/mat_random' for CMake module files
[1.958s] Level 1:colcon.colcon_core.environment:checking '/home/olel/Projects/MagangBayu24-ROS2/tugas1/install/mat_random' for CMake config files
[1.958s] Level 1:colcon.colcon_core.shell:create_environment_hook('mat_random', 'cmake_prefix_path')
[1.980s] INFO:colcon.colcon_core.shell:Creating environment hook '/home/olel/Projects/MagangBayu24-ROS2/tugas1/install/mat_random/share/mat_random/hook/cmake_prefix_path.ps1'
[1.981s] INFO:colcon.colcon_core.shell:Creating environment descriptor '/home/olel/Projects/MagangBayu24-ROS2/tugas1/install/mat_random/share/mat_random/hook/cmake_prefix_path.dsv'
[1.981s] INFO:colcon.colcon_core.shell:Creating environment hook '/home/olel/Projects/MagangBayu24-ROS2/tugas1/install/mat_random/share/mat_random/hook/cmake_prefix_path.sh'
[1.982s] Level 1:colcon.colcon_core.environment:checking '/home/olel/Projects/MagangBayu24-ROS2/tugas1/install/mat_random/lib'
[1.982s] Level 1:colcon.colcon_core.environment:checking '/home/olel/Projects/MagangBayu24-ROS2/tugas1/install/mat_random/bin'
[1.982s] Level 1:colcon.colcon_core.environment:checking '/home/olel/Projects/MagangBayu24-ROS2/tugas1/install/mat_random/lib/pkgconfig/mat_random.pc'
[1.982s] Level 1:colcon.colcon_core.environment:checking '/home/olel/Projects/MagangBayu24-ROS2/tugas1/install/mat_random/lib/python3.8/site-packages'
[1.982s] Level 1:colcon.colcon_core.environment:checking '/home/olel/Projects/MagangBayu24-ROS2/tugas1/install/mat_random/bin'
[2.008s] INFO:colcon.colcon_core.shell:Creating package script '/home/olel/Projects/MagangBayu24-ROS2/tugas1/install/mat_random/share/mat_random/package.ps1'
[2.009s] INFO:colcon.colcon_core.shell:Creating package descriptor '/home/olel/Projects/MagangBayu24-ROS2/tugas1/install/mat_random/share/mat_random/package.dsv'
[2.010s] INFO:colcon.colcon_core.shell:Creating package script '/home/olel/Projects/MagangBayu24-ROS2/tugas1/install/mat_random/share/mat_random/package.sh'
[2.010s] INFO:colcon.colcon_core.shell:Creating package script '/home/olel/Projects/MagangBayu24-ROS2/tugas1/install/mat_random/share/mat_random/package.bash'
[2.011s] INFO:colcon.colcon_core.shell:Creating package script '/home/olel/Projects/MagangBayu24-ROS2/tugas1/install/mat_random/share/mat_random/package.zsh'
[2.011s] Level 1:colcon.colcon_core.environment:create_file_with_runtime_dependencies(/home/olel/Projects/MagangBayu24-ROS2/tugas1/install/mat_random/share/colcon-core/packages/mat_random)
[2.067s] Level 1:colcon.colcon_core.environment:create_environment_scripts_only(mat_random)
[2.089s] Level 1:colcon.colcon_core.environment:checking '/home/olel/Projects/MagangBayu24-ROS2/tugas1/install/mat_random' for CMake module files
[2.090s] Level 1:colcon.colcon_core.environment:checking '/home/olel/Projects/MagangBayu24-ROS2/tugas1/install/mat_random' for CMake config files
[2.090s] Level 1:colcon.colcon_core.shell:create_environment_hook('mat_random', 'cmake_prefix_path')
[2.115s] INFO:colcon.colcon_core.shell:Creating environment hook '/home/olel/Projects/MagangBayu24-ROS2/tugas1/install/mat_random/share/mat_random/hook/cmake_prefix_path.ps1'
[2.116s] INFO:colcon.colcon_core.shell:Creating environment descriptor '/home/olel/Projects/MagangBayu24-ROS2/tugas1/install/mat_random/share/mat_random/hook/cmake_prefix_path.dsv'
[2.116s] INFO:colcon.colcon_core.shell:Creating environment hook '/home/olel/Projects/MagangBayu24-ROS2/tugas1/install/mat_random/share/mat_random/hook/cmake_prefix_path.sh'
[2.116s] Level 1:colcon.colcon_core.environment:checking '/home/olel/Projects/MagangBayu24-ROS2/tugas1/install/mat_random/lib'
[2.117s] Level 1:colcon.colcon_core.environment:checking '/home/olel/Projects/MagangBayu24-ROS2/tugas1/install/mat_random/bin'
[2.117s] Level 1:colcon.colcon_core.environment:checking '/home/olel/Projects/MagangBayu24-ROS2/tugas1/install/mat_random/lib/pkgconfig/mat_random.pc'
[2.117s] Level 1:colcon.colcon_core.environment:checking '/home/olel/Projects/MagangBayu24-ROS2/tugas1/install/mat_random/lib/python3.8/site-packages'
[2.117s] Level 1:colcon.colcon_core.environment:checking '/home/olel/Projects/MagangBayu24-ROS2/tugas1/install/mat_random/bin'
[2.142s] INFO:colcon.colcon_core.shell:Creating package script '/home/olel/Projects/MagangBayu24-ROS2/tugas1/install/mat_random/share/mat_random/package.ps1'
[2.142s] INFO:colcon.colcon_core.shell:Creating package descriptor '/home/olel/Projects/MagangBayu24-ROS2/tugas1/install/mat_random/share/mat_random/package.dsv'
[2.143s] INFO:colcon.colcon_core.shell:Creating package script '/home/olel/Projects/MagangBayu24-ROS2/tugas1/install/mat_random/share/mat_random/package.sh'
[2.143s] INFO:colcon.colcon_core.shell:Creating package script '/home/olel/Projects/MagangBayu24-ROS2/tugas1/install/mat_random/share/mat_random/package.bash'
[2.143s] INFO:colcon.colcon_core.shell:Creating package script '/home/olel/Projects/MagangBayu24-ROS2/tugas1/install/mat_random/share/mat_random/package.zsh'
[2.143s] Level 1:colcon.colcon_core.environment:create_file_with_runtime_dependencies(/home/olel/Projects/MagangBayu24-ROS2/tugas1/install/mat_random/share/colcon-core/packages/mat_random)
[2.144s] DEBUG:colcon.colcon_parallel_executor.executor.parallel:closing loop
[2.144s] DEBUG:colcon.colcon_parallel_executor.executor.parallel:loop closed
[2.144s] DEBUG:colcon.colcon_parallel_executor.executor.parallel:run_until_complete finished with '0'
[2.144s] DEBUG:colcon.colcon_core.event_reactor:joining thread
[2.175s] INFO:colcon.colcon_core.plugin_system:Skipping extension 'colcon_notification.desktop_notification.terminal_notifier': Not used on non-Darwin systems
[2.176s] INFO:colcon.colcon_core.plugin_system:Skipping extension 'colcon_notification.desktop_notification.win32': Not used on non-Windows systems
[2.176s] INFO:colcon.colcon_notification.desktop_notification:Sending desktop notification using 'notify2'
[2.190s] DEBUG:colcon.colcon_core.event_reactor:joined thread
[2.222s] INFO:colcon.colcon_core.shell:Creating prefix script '/home/olel/Projects/MagangBayu24-ROS2/tugas1/install/local_setup.ps1'
[2.222s] INFO:colcon.colcon_core.shell:Creating prefix util module '/home/olel/Projects/MagangBayu24-ROS2/tugas1/install/_local_setup_util_ps1.py'
[2.223s] INFO:colcon.colcon_core.shell:Creating prefix chain script '/home/olel/Projects/MagangBayu24-ROS2/tugas1/install/setup.ps1'
[2.248s] INFO:colcon.colcon_core.shell:Creating prefix script '/home/olel/Projects/MagangBayu24-ROS2/tugas1/install/local_setup.sh'
[2.249s] INFO:colcon.colcon_core.shell:Creating prefix util module '/home/olel/Projects/MagangBayu24-ROS2/tugas1/install/_local_setup_util_sh.py'
[2.249s] INFO:colcon.colcon_core.shell:Creating prefix chain script '/home/olel/Projects/MagangBayu24-ROS2/tugas1/install/setup.sh'
[2.275s] INFO:colcon.colcon_core.shell:Creating prefix script '/home/olel/Projects/MagangBayu24-ROS2/tugas1/install/local_setup.bash'
[2.276s] INFO:colcon.colcon_core.shell:Creating prefix chain script '/home/olel/Projects/MagangBayu24-ROS2/tugas1/install/setup.bash'
[2.300s] INFO:colcon.colcon_core.shell:Creating prefix script '/home/olel/Projects/MagangBayu24-ROS2/tugas1/install/local_setup.zsh'
[2.300s] INFO:colcon.colcon_core.shell:Creating prefix chain script '/home/olel/Projects/MagangBayu24-ROS2/tugas1/install/setup.zsh'
