[0.112s] Invoking command in '/home/olel/Projects/MagangBayu24-ROS2/tugas2/build/and_publisher': CMAKE_PREFIX_PATH=/opt/ros/foxy /usr/bin/cmake --build /home/olel/Projects/MagangBayu24-ROS2/tugas2/build/and_publisher -- -j16 -l16
[0.177s] [35m[1mScanning dependencies of target listener[0m
[0.200s] [ 66%] Built target talker2
[0.200s] [ 66%] Built target talker1
[0.207s] [ 83%] [32mBuilding CXX object CMakeFiles/listener.dir/src/subscriber_main.cpp.o[0m
[4.102s] [100%] [32m[1mLinking CXX executable listener[0m
[4.315s] [100%] Built target listener
[4.324s] Invoked command in '/home/olel/Projects/MagangBayu24-ROS2/tugas2/build/and_publisher' returned '0': CMAKE_PREFIX_PATH=/opt/ros/foxy /usr/bin/cmake --build /home/olel/Projects/MagangBayu24-ROS2/tugas2/build/and_publisher -- -j16 -l16
[4.373s] Invoking command in '/home/olel/Projects/MagangBayu24-ROS2/tugas2/build/and_publisher': CMAKE_PREFIX_PATH=/opt/ros/foxy /usr/bin/cmake --install /home/olel/Projects/MagangBayu24-ROS2/tugas2/build/and_publisher
[4.380s] -- Install configuration: ""
[4.380s] -- Up-to-date: /home/olel/Projects/MagangBayu24-ROS2/tugas2/install/and_publisher/lib/and_publisher/talker1
[4.380s] -- Up-to-date: /home/olel/Projects/MagangBayu24-ROS2/tugas2/install/and_publisher/lib/and_publisher/talker2
[4.381s] -- Installing: /home/olel/Projects/MagangBayu24-ROS2/tugas2/install/and_publisher/lib/and_publisher/listener
[4.383s] -- Set runtime path of "/home/olel/Projects/MagangBayu24-ROS2/tugas2/install/and_publisher/lib/and_publisher/listener" to ""
[4.383s] -- Up-to-date: /home/olel/Projects/MagangBayu24-ROS2/tugas2/install/and_publisher/share/ament_index/resource_index/package_run_dependencies/and_publisher
[4.383s] -- Up-to-date: /home/olel/Projects/MagangBayu24-ROS2/tugas2/install/and_publisher/share/ament_index/resource_index/parent_prefix_path/and_publisher
[4.383s] -- Up-to-date: /home/olel/Projects/MagangBayu24-ROS2/tugas2/install/and_publisher/share/and_publisher/environment/ament_prefix_path.sh
[4.384s] -- Up-to-date: /home/olel/Projects/MagangBayu24-ROS2/tugas2/install/and_publisher/share/and_publisher/environment/ament_prefix_path.dsv
[4.384s] -- Up-to-date: /home/olel/Projects/MagangBayu24-ROS2/tugas2/install/and_publisher/share/and_publisher/environment/path.sh
[4.384s] -- Up-to-date: /home/olel/Projects/MagangBayu24-ROS2/tugas2/install/and_publisher/share/and_publisher/environment/path.dsv
[4.384s] -- Up-to-date: /home/olel/Projects/MagangBayu24-ROS2/tugas2/install/and_publisher/share/and_publisher/local_setup.bash
[4.384s] -- Up-to-date: /home/olel/Projects/MagangBayu24-ROS2/tugas2/install/and_publisher/share/and_publisher/local_setup.sh
[4.384s] -- Up-to-date: /home/olel/Projects/MagangBayu24-ROS2/tugas2/install/and_publisher/share/and_publisher/local_setup.zsh
[4.384s] -- Up-to-date: /home/olel/Projects/MagangBayu24-ROS2/tugas2/install/and_publisher/share/and_publisher/local_setup.dsv
[4.384s] -- Installing: /home/olel/Projects/MagangBayu24-ROS2/tugas2/install/and_publisher/share/and_publisher/package.dsv
[4.384s] -- Up-to-date: /home/olel/Projects/MagangBayu24-ROS2/tugas2/install/and_publisher/share/ament_index/resource_index/packages/and_publisher
[4.384s] -- Up-to-date: /home/olel/Projects/MagangBayu24-ROS2/tugas2/install/and_publisher/share/and_publisher/cmake/and_publisherConfig.cmake
[4.384s] -- Up-to-date: /home/olel/Projects/MagangBayu24-ROS2/tugas2/install/and_publisher/share/and_publisher/cmake/and_publisherConfig-version.cmake
[4.385s] -- Up-to-date: /home/olel/Projects/MagangBayu24-ROS2/tugas2/install/and_publisher/share/and_publisher/package.xml
[4.386s] Invoked command in '/home/olel/Projects/MagangBayu24-ROS2/tugas2/build/and_publisher' returned '0': CMAKE_PREFIX_PATH=/opt/ros/foxy /usr/bin/cmake --install /home/olel/Projects/MagangBayu24-ROS2/tugas2/build/and_publisher
