[0.096s] Invoking command in '/home/olel/Projects/MagangBayu24-ROS2/tugas2/build/and_publisher': CMAKE_PREFIX_PATH=/opt/ros/foxy /usr/bin/cmake --build /home/olel/Projects/MagangBayu24-ROS2/tugas2/build/and_publisher -- -j16 -l16
[0.150s] [35m[1mScanning dependencies of target listener[0m
[0.169s] [ 66%] Built target talker2
[0.169s] [ 66%] Built target talker1
[0.172s] [ 83%] [32mBuilding CXX object CMakeFiles/listener.dir/src/subscriber_main.cpp.o[0m
[1.246s] [01m[K/home/olel/Projects/MagangBayu24-ROS2/tugas2/src/and_publisher/src/subscriber_main.cpp:[m[K In member function ‘[01m[Kvoid MinimalSubscriber::topic_callback(std_msgs::msg::String_<std::allocator<void> >::SharedPtr) const[m[K’:
[1.246s] [01m[K/home/olel/Projects/MagangBayu24-ROS2/tugas2/src/and_publisher/src/subscriber_main.cpp:39:37:[m[K [01;31m[Kerror: [m[Kcannot convert ‘[01m[Kconst string*[m[K’ {aka ‘[01m[Kconst std::__cxx11::basic_string<char>*[m[K’} to ‘[01m[Kchar*[m[K’
[1.246s]    39 |     if(received[10] == '1') {strcpy([01;31m[K&pub1[m[K, &received);}
[1.246s]       |                                     [01;31m[K^~~~~[m[K
[1.246s]       |                                     [01;31m[K|[m[K
[1.246s]       |                                     [01;31m[Kconst string* {aka const std::__cxx11::basic_string<char>*}[m[K
[1.246s] In file included from [01m[K/opt/ros/foxy/include/rcutils/error_handling.h:34[m[K,
[1.246s]                  from [01m[K/opt/ros/foxy/include/rcutils/logging.h:23[m[K,
[1.247s]                  from [01m[K/opt/ros/foxy/include/rmw/types.h:28[m[K,
[1.247s]                  from [01m[K/opt/ros/foxy/include/rcl/types.h:18[m[K,
[1.247s]                  from [01m[K/opt/ros/foxy/include/rcl/arguments.h:20[m[K,
[1.247s]                  from [01m[K/opt/ros/foxy/include/rcl/context.h:26[m[K,
[1.247s]                  from [01m[K/opt/ros/foxy/include/rcl/guard_condition.h:24[m[K,
[1.247s]                  from [01m[K/opt/ros/foxy/include/rclcpp/executor.hpp:29[m[K,
[1.247s]                  from [01m[K/opt/ros/foxy/include/rclcpp/executors/multi_threaded_executor.hpp:26[m[K,
[1.247s]                  from [01m[K/opt/ros/foxy/include/rclcpp/executors.hpp:21[m[K,
[1.247s]                  from [01m[K/opt/ros/foxy/include/rclcpp/rclcpp.hpp:146[m[K,
[1.247s]                  from [01m[K/home/olel/Projects/MagangBayu24-ROS2/tugas2/src/and_publisher/src/subscriber_main.cpp:18[m[K:
[1.247s] [01m[K/usr/include/string.h:122:39:[m[K [01;36m[Knote: [m[K  initializing argument 1 of ‘[01m[Kchar* strcpy(char*, const char*)[m[K’
[1.247s]   122 | extern char *strcpy ([01;36m[Kchar *__restrict __dest[m[K, const char *__restrict __src)
[1.248s]       |                      [01;36m[K~~~~~~~~~~~~~~~~~^~~~~~[m[K
[1.248s] [01m[K/home/olel/Projects/MagangBayu24-ROS2/tugas2/src/and_publisher/src/subscriber_main.cpp:40:37:[m[K [01;31m[Kerror: [m[Kcannot convert ‘[01m[Kconst string*[m[K’ {aka ‘[01m[Kconst std::__cxx11::basic_string<char>*[m[K’} to ‘[01m[Kchar*[m[K’
[1.248s]    40 |     if(received[10] == '2') {strcpy([01;31m[K&pub2[m[K, &received);}
[1.248s]       |                                     [01;31m[K^~~~~[m[K
[1.248s]       |                                     [01;31m[K|[m[K
[1.248s]       |                                     [01;31m[Kconst string* {aka const std::__cxx11::basic_string<char>*}[m[K
[1.248s] In file included from [01m[K/opt/ros/foxy/include/rcutils/error_handling.h:34[m[K,
[1.248s]                  from [01m[K/opt/ros/foxy/include/rcutils/logging.h:23[m[K,
[1.248s]                  from [01m[K/opt/ros/foxy/include/rmw/types.h:28[m[K,
[1.248s]                  from [01m[K/opt/ros/foxy/include/rcl/types.h:18[m[K,
[1.248s]                  from [01m[K/opt/ros/foxy/include/rcl/arguments.h:20[m[K,
[1.248s]                  from [01m[K/opt/ros/foxy/include/rcl/context.h:26[m[K,
[1.248s]                  from [01m[K/opt/ros/foxy/include/rcl/guard_condition.h:24[m[K,
[1.249s]                  from [01m[K/opt/ros/foxy/include/rclcpp/executor.hpp:29[m[K,
[1.249s]                  from [01m[K/opt/ros/foxy/include/rclcpp/executors/multi_threaded_executor.hpp:26[m[K,
[1.249s]                  from [01m[K/opt/ros/foxy/include/rclcpp/executors.hpp:21[m[K,
[1.249s]                  from [01m[K/opt/ros/foxy/include/rclcpp/rclcpp.hpp:146[m[K,
[1.249s]                  from [01m[K/home/olel/Projects/MagangBayu24-ROS2/tugas2/src/and_publisher/src/subscriber_main.cpp:18[m[K:
[1.249s] [01m[K/usr/include/string.h:122:39:[m[K [01;36m[Knote: [m[K  initializing argument 1 of ‘[01m[Kchar* strcpy(char*, const char*)[m[K’
[1.249s]   122 | extern char *strcpy ([01;36m[Kchar *__restrict __dest[m[K, const char *__restrict __src)
[1.249s]       |                      [01;36m[K~~~~~~~~~~~~~~~~~^~~~~~[m[K
[2.660s] make[2]: *** [CMakeFiles/listener.dir/build.make:63: CMakeFiles/listener.dir/src/subscriber_main.cpp.o] Error 1
[2.660s] make[1]: *** [CMakeFiles/Makefile2:82: CMakeFiles/listener.dir/all] Error 2
[2.660s] make: *** [Makefile:141: all] Error 2
[2.664s] Invoked command in '/home/olel/Projects/MagangBayu24-ROS2/tugas2/build/and_publisher' returned '2': CMAKE_PREFIX_PATH=/opt/ros/foxy /usr/bin/cmake --build /home/olel/Projects/MagangBayu24-ROS2/tugas2/build/and_publisher -- -j16 -l16
