[0.109s] Invoking command in '/home/olel/Projects/MagangBayu24-ROS2/tugas2/build/and_publisher': CMAKE_PREFIX_PATH=/opt/ros/foxy /usr/bin/cmake --build /home/olel/Projects/MagangBayu24-ROS2/tugas2/build/and_publisher -- -j16 -l16
[0.142s] -- Found ament_cmake: 0.9.12 (/opt/ros/foxy/share/ament_cmake/cmake)
[0.161s] -- Using PYTHON_EXECUTABLE: /usr/bin/python3
[0.359s] -- Found rclcpp: 2.4.3 (/opt/ros/foxy/share/rclcpp/cmake)
[0.380s] -- Using all available rosidl_typesupport_c: rosidl_typesupport_fastrtps_c;rosidl_typesupport_introspection_c
[0.382s] -- Found rosidl_adapter: 1.3.1 (/opt/ros/foxy/share/rosidl_adapter/cmake)
[0.467s] -- Using all available rosidl_typesupport_cpp: rosidl_typesupport_fastrtps_cpp;rosidl_typesupport_introspection_cpp
[0.499s] -- Found rmw_implementation_cmake: 1.0.4 (/opt/ros/foxy/share/rmw_implementation_cmake/cmake)
[0.500s] -- Using RMW implementation 'rmw_fastrtps_cpp' as default
[0.604s] CMake Error at CMakeLists.txt:22 (find_package):
[0.604s]   By not providing "Findtime.cmake" in CMAKE_MODULE_PATH this project has
[0.604s]   asked CMake to find a package configuration file provided by "time", but
[0.604s]   CMake did not find one.
[0.605s] 
[0.605s]   Could not find a package configuration file provided by "time" with any of
[0.605s]   the following names:
[0.605s] 
[0.605s]     timeConfig.cmake
[0.605s]     time-config.cmake
[0.605s] 
[0.605s]   Add the installation prefix of "time" to CMAKE_PREFIX_PATH or set
[0.605s]   "time_DIR" to a directory containing one of the above files.  If "time"
[0.605s]   provides a separate development package or SDK, be sure it has been
[0.606s]   installed.
[0.606s] 
[0.606s] 
[0.606s] -- Configuring incomplete, errors occurred!
[0.606s] See also "/home/olel/Projects/MagangBayu24-ROS2/tugas2/build/and_publisher/CMakeFiles/CMakeOutput.log".
[0.606s] See also "/home/olel/Projects/MagangBayu24-ROS2/tugas2/build/and_publisher/CMakeFiles/CMakeError.log".
[0.610s] make: *** [Makefile:354: cmake_check_build_system] Error 1
[0.613s] Invoked command in '/home/olel/Projects/MagangBayu24-ROS2/tugas2/build/and_publisher' returned '2': CMAKE_PREFIX_PATH=/opt/ros/foxy /usr/bin/cmake --build /home/olel/Projects/MagangBayu24-ROS2/tugas2/build/and_publisher -- -j16 -l16
